{"meta": {"format": 3, "version": "7.8.2", "timestamp": "2025-05-24T21:34:00.666820", "branch_coverage": false, "show_contexts": false}, "files": {"core/__init__.py": {"executed_lines": [0], "summary": {"covered_lines": 0, "num_statements": 0, "percent_covered": 100.0, "percent_covered_display": "100", "missing_lines": 0, "excluded_lines": 0}, "missing_lines": [], "excluded_lines": [], "functions": {"": {"executed_lines": [], "summary": {"covered_lines": 0, "num_statements": 0, "percent_covered": 100.0, "percent_covered_display": "100", "missing_lines": 0, "excluded_lines": 0}, "missing_lines": [], "excluded_lines": []}}, "classes": {"": {"executed_lines": [], "summary": {"covered_lines": 0, "num_statements": 0, "percent_covered": 100.0, "percent_covered_display": "100", "missing_lines": 0, "excluded_lines": 0}, "missing_lines": [], "excluded_lines": []}}}, "core/db/__init__.py": {"executed_lines": [], "summary": {"covered_lines": 0, "num_statements": 0, "percent_covered": 100.0, "percent_covered_display": "100", "missing_lines": 0, "excluded_lines": 0}, "missing_lines": [], "excluded_lines": [], "functions": {"": {"executed_lines": [], "summary": {"covered_lines": 0, "num_statements": 0, "percent_covered": 100.0, "percent_covered_display": "100", "missing_lines": 0, "excluded_lines": 0}, "missing_lines": [], "excluded_lines": []}}, "classes": {"": {"executed_lines": [], "summary": {"covered_lines": 0, "num_statements": 0, "percent_covered": 100.0, "percent_covered_display": "100", "missing_lines": 0, "excluded_lines": 0}, "missing_lines": [], "excluded_lines": []}}}, "core/db/models.py": {"executed_lines": [], "summary": {"covered_lines": 0, "num_statements": 70, "percent_covered": 0.0, "percent_covered_display": "0", "missing_lines": 70, "excluded_lines": 0}, "missing_lines": [3, 5, 6, 7, 9, 19, 22, 24, 27, 29, 30, 31, 32, 33, 36, 38, 39, 40, 41, 44, 46, 47, 48, 49, 52, 55, 57, 58, 59, 60, 63, 64, 65, 66, 67, 68, 71, 76, 80, 81, 83, 85, 101, 102, 105, 106, 107, 110, 111, 113, 116, 119, 121, 122, 123, 124, 127, 130, 131, 132, 133, 134, 137, 138, 139, 142, 144, 145, 147, 149], "excluded_lines": [], "functions": {"Agent.__repr__": {"executed_lines": [], "summary": {"covered_lines": 0, "num_statements": 1, "percent_covered": 0.0, "percent_covered_display": "0", "missing_lines": 1, "excluded_lines": 0}, "missing_lines": [81], "excluded_lines": []}, "Agent.to_dict": {"executed_lines": [], "summary": {"covered_lines": 0, "num_statements": 1, "percent_covered": 0.0, "percent_covered_display": "0", "missing_lines": 1, "excluded_lines": 0}, "missing_lines": [85], "excluded_lines": []}, "Agent.from_dict": {"executed_lines": [], "summary": {"covered_lines": 0, "num_statements": 6, "percent_covered": 0.0, "percent_covered_display": "0", "missing_lines": 6, "excluded_lines": 0}, "missing_lines": [105, 106, 107, 110, 111, 113], "excluded_lines": []}, "Task.__repr__": {"executed_lines": [], "summary": {"covered_lines": 0, "num_statements": 1, "percent_covered": 0.0, "percent_covered_display": "0", "missing_lines": 1, "excluded_lines": 0}, "missing_lines": [145], "excluded_lines": []}, "Task.to_dict": {"executed_lines": [], "summary": {"covered_lines": 0, "num_statements": 1, "percent_covered": 0.0, "percent_covered_display": "0", "missing_lines": 1, "excluded_lines": 0}, "missing_lines": [149], "excluded_lines": []}, "": {"executed_lines": [], "summary": {"covered_lines": 0, "num_statements": 60, "percent_covered": 0.0, "percent_covered_display": "0", "missing_lines": 60, "excluded_lines": 0}, "missing_lines": [3, 5, 6, 7, 9, 19, 22, 24, 27, 29, 30, 31, 32, 33, 36, 38, 39, 40, 41, 44, 46, 47, 48, 49, 52, 55, 57, 58, 59, 60, 63, 64, 65, 66, 67, 68, 71, 76, 80, 83, 101, 102, 116, 119, 121, 122, 123, 124, 127, 130, 131, 132, 133, 134, 137, 138, 139, 142, 144, 147], "excluded_lines": []}}, "classes": {"Base": {"executed_lines": [], "summary": {"covered_lines": 0, "num_statements": 0, "percent_covered": 100.0, "percent_covered_display": "100", "missing_lines": 0, "excluded_lines": 0}, "missing_lines": [], "excluded_lines": []}, "TaskStatus": {"executed_lines": [], "summary": {"covered_lines": 0, "num_statements": 0, "percent_covered": 100.0, "percent_covered_display": "100", "missing_lines": 0, "excluded_lines": 0}, "missing_lines": [], "excluded_lines": []}, "TaskPriority": {"executed_lines": [], "summary": {"covered_lines": 0, "num_statements": 0, "percent_covered": 100.0, "percent_covered_display": "100", "missing_lines": 0, "excluded_lines": 0}, "missing_lines": [], "excluded_lines": []}, "AgentStatus": {"executed_lines": [], "summary": {"covered_lines": 0, "num_statements": 0, "percent_covered": 100.0, "percent_covered_display": "100", "missing_lines": 0, "excluded_lines": 0}, "missing_lines": [], "excluded_lines": []}, "Agent": {"executed_lines": [], "summary": {"covered_lines": 0, "num_statements": 8, "percent_covered": 0.0, "percent_covered_display": "0", "missing_lines": 8, "excluded_lines": 0}, "missing_lines": [81, 85, 105, 106, 107, 110, 111, 113], "excluded_lines": []}, "Task": {"executed_lines": [], "summary": {"covered_lines": 0, "num_statements": 2, "percent_covered": 0.0, "percent_covered_display": "0", "missing_lines": 2, "excluded_lines": 0}, "missing_lines": [145, 149], "excluded_lines": []}, "": {"executed_lines": [], "summary": {"covered_lines": 0, "num_statements": 60, "percent_covered": 0.0, "percent_covered_display": "0", "missing_lines": 60, "excluded_lines": 0}, "missing_lines": [3, 5, 6, 7, 9, 19, 22, 24, 27, 29, 30, 31, 32, 33, 36, 38, 39, 40, 41, 44, 46, 47, 48, 49, 52, 55, 57, 58, 59, 60, 63, 64, 65, 66, 67, 68, 71, 76, 80, 83, 101, 102, 116, 119, 121, 122, 123, 124, 127, 130, 131, 132, 133, 134, 137, 138, 139, 142, 144, 147], "excluded_lines": []}}}, "core/utils/__init__.py": {"executed_lines": [0], "summary": {"covered_lines": 0, "num_statements": 0, "percent_covered": 100.0, "percent_covered_display": "100", "missing_lines": 0, "excluded_lines": 0}, "missing_lines": [], "excluded_lines": [], "functions": {"": {"executed_lines": [], "summary": {"covered_lines": 0, "num_statements": 0, "percent_covered": 100.0, "percent_covered_display": "100", "missing_lines": 0, "excluded_lines": 0}, "missing_lines": [], "excluded_lines": []}}, "classes": {"": {"executed_lines": [], "summary": {"covered_lines": 0, "num_statements": 0, "percent_covered": 100.0, "percent_covered_display": "100", "missing_lines": 0, "excluded_lines": 0}, "missing_lines": [], "excluded_lines": []}}}, "core/utils/chroma_client.py": {"executed_lines": [], "summary": {"covered_lines": 0, "num_statements": 91, "percent_covered": 0.0, "percent_covered_display": "0", "missing_lines": 91, "excluded_lines": 0}, "missing_lines": [3, 4, 6, 7, 8, 11, 16, 25, 29, 31, 33, 39, 43, 47, 49, 53, 54, 55, 56, 57, 58, 60, 64, 67, 69, 73, 74, 75, 76, 78, 84, 85, 86, 87, 88, 90, 91, 98, 102, 108, 109, 110, 116, 117, 118, 119, 120, 121, 122, 123, 124, 127, 130, 131, 132, 133, 134, 135, 137, 138, 140, 142, 143, 144, 145, 147, 148, 149, 150, 151, 152, 161, 162, 164, 165, 166, 167, 168, 169, 180, 182, 183, 184, 185, 187, 188, 189, 199, 200, 201, 202], "excluded_lines": [], "functions": {"ChromaClient.__init__": {"executed_lines": [], "summary": {"covered_lines": 0, "num_statements": 3, "percent_covered": 0.0, "percent_covered_display": "0", "missing_lines": 3, "excluded_lines": 0}, "missing_lines": [25, 29, 31], "excluded_lines": []}, "ChromaClient.add_embedding": {"executed_lines": [], "summary": {"covered_lines": 0, "num_statements": 1, "percent_covered": 0.0, "percent_covered_display": "0", "missing_lines": 1, "excluded_lines": 0}, "missing_lines": [39], "excluded_lines": []}, "ChromaClient.query_embeddings": {"executed_lines": [], "summary": {"covered_lines": 0, "num_statements": 1, "percent_covered": 0.0, "percent_covered_display": "0", "missing_lines": 1, "excluded_lines": 0}, "missing_lines": [47], "excluded_lines": []}, "ChromaClient.compute_similarity": {"executed_lines": [], "summary": {"covered_lines": 0, "num_statements": 6, "percent_covered": 0.0, "percent_covered_display": "0", "missing_lines": 6, "excluded_lines": 0}, "missing_lines": [53, 54, 55, 56, 57, 58], "excluded_lines": []}, "ChromaClient.validate_embedding": {"executed_lines": [], "summary": {"covered_lines": 0, "num_statements": 2, "percent_covered": 0.0, "percent_covered_display": "0", "missing_lines": 2, "excluded_lines": 0}, "missing_lines": [64, 67], "excluded_lines": []}, "ChromaClient.create_embedding": {"executed_lines": [], "summary": {"covered_lines": 0, "num_statements": 4, "percent_covered": 0.0, "percent_covered_display": "0", "missing_lines": 4, "excluded_lines": 0}, "missing_lines": [73, 74, 75, 76], "excluded_lines": []}, "ChromaClient.store_embedding": {"executed_lines": [], "summary": {"covered_lines": 0, "num_statements": 8, "percent_covered": 0.0, "percent_covered_display": "0", "missing_lines": 8, "excluded_lines": 0}, "missing_lines": [84, 85, 86, 87, 88, 90, 91, 98], "excluded_lines": []}, "ChromaClient.retrieve_similar_embeddings": {"executed_lines": [], "summary": {"covered_lines": 0, "num_statements": 12, "percent_covered": 0.0, "percent_covered_display": "0", "missing_lines": 12, "excluded_lines": 0}, "missing_lines": [108, 109, 110, 116, 117, 118, 119, 120, 121, 122, 123, 124], "excluded_lines": []}, "AsyncChromaClient.__setattr__": {"executed_lines": [], "summary": {"covered_lines": 0, "num_statements": 7, "percent_covered": 0.0, "percent_covered_display": "0", "missing_lines": 7, "excluded_lines": 0}, "missing_lines": [131, 132, 133, 134, 137, 138, 140], "excluded_lines": []}, "AsyncChromaClient.__setattr__.get_collection_stub": {"executed_lines": [], "summary": {"covered_lines": 0, "num_statements": 1, "percent_covered": 0.0, "percent_covered_display": "0", "missing_lines": 1, "excluded_lines": 0}, "missing_lines": [135], "excluded_lines": []}, "AsyncChromaClient.__init__": {"executed_lines": [], "summary": {"covered_lines": 0, "num_statements": 11, "percent_covered": 0.0, "percent_covered_display": "0", "missing_lines": 11, "excluded_lines": 0}, "missing_lines": [143, 144, 145, 147, 148, 149, 150, 151, 152, 161, 162], "excluded_lines": []}, "AsyncChromaClient.upsert_batch": {"executed_lines": [], "summary": {"covered_lines": 0, "num_statements": 6, "percent_covered": 0.0, "percent_covered_display": "0", "missing_lines": 6, "excluded_lines": 0}, "missing_lines": [165, 166, 167, 168, 169, 180], "excluded_lines": []}, "AsyncChromaClient.query_similar": {"executed_lines": [], "summary": {"covered_lines": 0, "num_statements": 3, "percent_covered": 0.0, "percent_covered_display": "0", "missing_lines": 3, "excluded_lines": 0}, "missing_lines": [183, 184, 185], "excluded_lines": []}, "AsyncChromaClient.upsert_embedding": {"executed_lines": [], "summary": {"covered_lines": 0, "num_statements": 2, "percent_covered": 0.0, "percent_covered_display": "0", "missing_lines": 2, "excluded_lines": 0}, "missing_lines": [188, 189], "excluded_lines": []}, "AsyncChromaClient.delete_by_id": {"executed_lines": [], "summary": {"covered_lines": 0, "num_statements": 3, "percent_covered": 0.0, "percent_covered_display": "0", "missing_lines": 3, "excluded_lines": 0}, "missing_lines": [200, 201, 202], "excluded_lines": []}, "": {"executed_lines": [], "summary": {"covered_lines": 0, "num_statements": 21, "percent_covered": 0.0, "percent_covered_display": "0", "missing_lines": 21, "excluded_lines": 0}, "missing_lines": [3, 4, 6, 7, 8, 11, 16, 33, 43, 49, 60, 69, 78, 102, 127, 130, 142, 164, 182, 187, 199], "excluded_lines": []}}, "classes": {"ChromaClient": {"executed_lines": [], "summary": {"covered_lines": 0, "num_statements": 37, "percent_covered": 0.0, "percent_covered_display": "0", "missing_lines": 37, "excluded_lines": 0}, "missing_lines": [25, 29, 31, 39, 47, 53, 54, 55, 56, 57, 58, 64, 67, 73, 74, 75, 76, 84, 85, 86, 87, 88, 90, 91, 98, 108, 109, 110, 116, 117, 118, 119, 120, 121, 122, 123, 124], "excluded_lines": []}, "AsyncChromaClient": {"executed_lines": [], "summary": {"covered_lines": 0, "num_statements": 33, "percent_covered": 0.0, "percent_covered_display": "0", "missing_lines": 33, "excluded_lines": 0}, "missing_lines": [131, 132, 133, 134, 135, 137, 138, 140, 143, 144, 145, 147, 148, 149, 150, 151, 152, 161, 162, 165, 166, 167, 168, 169, 180, 183, 184, 185, 188, 189, 200, 201, 202], "excluded_lines": []}, "": {"executed_lines": [], "summary": {"covered_lines": 0, "num_statements": 21, "percent_covered": 0.0, "percent_covered_display": "0", "missing_lines": 21, "excluded_lines": 0}, "missing_lines": [3, 4, 6, 7, 8, 11, 16, 33, 43, 49, 60, 69, 78, 102, 127, 130, 142, 164, 182, 187, 199], "excluded_lines": []}}}, "core/utils/indexing.py": {"executed_lines": [], "summary": {"covered_lines": 0, "num_statements": 8, "percent_covered": 0.0, "percent_covered_display": "0", "missing_lines": 8, "excluded_lines": 0}, "missing_lines": [3, 4, 7, 10, 13, 17, 20, 23], "excluded_lines": [], "functions": {"index_text": {"executed_lines": [], "summary": {"covered_lines": 0, "num_statements": 1, "percent_covered": 0.0, "percent_covered_display": "0", "missing_lines": 1, "excluded_lines": 0}, "missing_lines": [10], "excluded_lines": []}, "render_feed_item": {"executed_lines": [], "summary": {"covered_lines": 0, "num_statements": 1, "percent_covered": 0.0, "percent_covered_display": "0", "missing_lines": 1, "excluded_lines": 0}, "missing_lines": [17], "excluded_lines": []}, "extract_keywords": {"executed_lines": [], "summary": {"covered_lines": 0, "num_statements": 1, "percent_covered": 0.0, "percent_covered_display": "0", "missing_lines": 1, "excluded_lines": 0}, "missing_lines": [23], "excluded_lines": []}, "": {"executed_lines": [], "summary": {"covered_lines": 0, "num_statements": 5, "percent_covered": 0.0, "percent_covered_display": "0", "missing_lines": 5, "excluded_lines": 0}, "missing_lines": [3, 4, 7, 13, 20], "excluded_lines": []}}, "classes": {"": {"executed_lines": [], "summary": {"covered_lines": 0, "num_statements": 8, "percent_covered": 0.0, "percent_covered_display": "0", "missing_lines": 8, "excluded_lines": 0}, "missing_lines": [3, 4, 7, 10, 13, 17, 20, 23], "excluded_lines": []}}}, "core/utils/llm_client.py": {"executed_lines": [1, 5, 6, 7, 9, 12, 13, 15, 16, 18, 19, 22, 27, 30, 31, 49], "summary": {"covered_lines": 15, "num_statements": 48, "percent_covered": 31.25, "percent_covered_display": "31", "missing_lines": 33, "excluded_lines": 0}, "missing_lines": [17, 21, 41, 45, 47, 71, 73, 74, 75, 76, 77, 79, 82, 84, 85, 86, 88, 89, 100, 101, 102, 103, 104, 105, 106, 108, 109, 110, 111, 114, 115, 116, 119], "excluded_lines": [], "functions": {"LLMClient.__init__": {"executed_lines": [], "summary": {"covered_lines": 0, "num_statements": 3, "percent_covered": 0.0, "percent_covered_display": "0", "missing_lines": 3, "excluded_lines": 0}, "missing_lines": [41, 45, 47], "excluded_lines": []}, "LLMClient.generate": {"executed_lines": [], "summary": {"covered_lines": 0, "num_statements": 28, "percent_covered": 0.0, "percent_covered_display": "0", "missing_lines": 28, "excluded_lines": 0}, "missing_lines": [71, 73, 74, 75, 76, 77, 79, 82, 84, 85, 86, 88, 89, 100, 101, 102, 103, 104, 105, 106, 108, 109, 110, 111, 114, 115, 116, 119], "excluded_lines": []}, "": {"executed_lines": [1, 5, 6, 7, 9, 12, 13, 15, 16, 18, 19, 22, 27, 30, 31, 49], "summary": {"covered_lines": 15, "num_statements": 17, "percent_covered": 88.23529411764706, "percent_covered_display": "88", "missing_lines": 2, "excluded_lines": 0}, "missing_lines": [17, 21], "excluded_lines": []}}, "classes": {"LLMClient": {"executed_lines": [], "summary": {"covered_lines": 0, "num_statements": 31, "percent_covered": 0.0, "percent_covered_display": "0", "missing_lines": 31, "excluded_lines": 0}, "missing_lines": [41, 45, 47, 71, 73, 74, 75, 76, 77, 79, 82, 84, 85, 86, 88, 89, 100, 101, 102, 103, 104, 105, 106, 108, 109, 110, 111, 114, 115, 116, 119], "excluded_lines": []}, "": {"executed_lines": [1, 5, 6, 7, 9, 12, 13, 15, 16, 18, 19, 22, 27, 30, 31, 49], "summary": {"covered_lines": 15, "num_statements": 17, "percent_covered": 88.23529411764706, "percent_covered_display": "88", "missing_lines": 2, "excluded_lines": 0}, "missing_lines": [17, 21], "excluded_lines": []}}}, "core/utils/network.py": {"executed_lines": [], "summary": {"covered_lines": 0, "num_statements": 20, "percent_covered": 0.0, "percent_covered_display": "0", "missing_lines": 20, "excluded_lines": 0}, "missing_lines": [3, 4, 6, 8, 11, 13, 14, 15, 16, 17, 18, 19, 20, 21, 22, 23, 24, 26, 27, 29], "excluded_lines": [], "functions": {"fetch_with_retries": {"executed_lines": [], "summary": {"covered_lines": 0, "num_statements": 15, "percent_covered": 0.0, "percent_covered_display": "0", "missing_lines": 15, "excluded_lines": 0}, "missing_lines": [13, 14, 15, 16, 17, 18, 19, 20, 21, 22, 23, 24, 26, 27, 29], "excluded_lines": []}, "": {"executed_lines": [], "summary": {"covered_lines": 0, "num_statements": 5, "percent_covered": 0.0, "percent_covered_display": "0", "missing_lines": 5, "excluded_lines": 0}, "missing_lines": [3, 4, 6, 8, 11], "excluded_lines": []}}, "classes": {"": {"executed_lines": [], "summary": {"covered_lines": 0, "num_statements": 20, "percent_covered": 0.0, "percent_covered_display": "0", "missing_lines": 20, "excluded_lines": 0}, "missing_lines": [3, 4, 6, 8, 11, 13, 14, 15, 16, 17, 18, 19, 20, 21, 22, 23, 24, 26, 27, 29], "excluded_lines": []}}}, "legion/__init__.py": {"executed_lines": [1, 3, 4, 5, 6, 8], "summary": {"covered_lines": 1, "num_statements": 1, "percent_covered": 100.0, "percent_covered_display": "100", "missing_lines": 0, "excluded_lines": 4}, "missing_lines": [], "excluded_lines": [3, 4, 5, 6], "functions": {"": {"executed_lines": [1, 3, 4, 5, 6, 8], "summary": {"covered_lines": 1, "num_statements": 1, "percent_covered": 100.0, "percent_covered_display": "100", "missing_lines": 0, "excluded_lines": 4}, "missing_lines": [], "excluded_lines": [3, 4, 5, 6]}}, "classes": {"": {"executed_lines": [1, 3, 4, 5, 6, 8], "summary": {"covered_lines": 1, "num_statements": 1, "percent_covered": 100.0, "percent_covered_display": "100", "missing_lines": 0, "excluded_lines": 4}, "missing_lines": [], "excluded_lines": [3, 4, 5, 6]}}}, "legion/agent_registry.py": {"executed_lines": [], "summary": {"covered_lines": 0, "num_statements": 31, "percent_covered": 0.0, "percent_covered_display": "0", "missing_lines": 31, "excluded_lines": 0}, "missing_lines": [3, 5, 6, 7, 8, 11, 12, 15, 16, 17, 18, 19, 20, 23, 26, 29, 30, 31, 32, 34, 36, 37, 38, 39, 40, 41, 43, 44, 46, 47, 50], "excluded_lines": [], "functions": {"AgentRegistry.__init__": {"executed_lines": [], "summary": {"covered_lines": 0, "num_statements": 3, "percent_covered": 0.0, "percent_covered_display": "0", "missing_lines": 3, "excluded_lines": 0}, "missing_lines": [30, 31, 32], "excluded_lines": []}, "AgentRegistry.load": {"executed_lines": [], "summary": {"covered_lines": 0, "num_statements": 6, "percent_covered": 0.0, "percent_covered_display": "0", "missing_lines": 6, "excluded_lines": 0}, "missing_lines": [36, 37, 38, 39, 40, 41], "excluded_lines": []}, "AgentRegistry.get": {"executed_lines": [], "summary": {"covered_lines": 0, "num_statements": 1, "percent_covered": 0.0, "percent_covered_display": "0", "missing_lines": 1, "excluded_lines": 0}, "missing_lines": [44], "excluded_lines": []}, "AgentRegistry.all": {"executed_lines": [], "summary": {"covered_lines": 0, "num_statements": 1, "percent_covered": 0.0, "percent_covered_display": "0", "missing_lines": 1, "excluded_lines": 0}, "missing_lines": [47], "excluded_lines": []}, "": {"executed_lines": [], "summary": {"covered_lines": 0, "num_statements": 20, "percent_covered": 0.0, "percent_covered_display": "0", "missing_lines": 20, "excluded_lines": 0}, "missing_lines": [3, 5, 6, 7, 8, 11, 12, 15, 16, 17, 18, 19, 20, 23, 26, 29, 34, 43, 46, 50], "excluded_lines": []}}, "classes": {"AgentMeta": {"executed_lines": [], "summary": {"covered_lines": 0, "num_statements": 0, "percent_covered": 100.0, "percent_covered_display": "100", "missing_lines": 0, "excluded_lines": 0}, "missing_lines": [], "excluded_lines": []}, "AgentRegistry": {"executed_lines": [], "summary": {"covered_lines": 0, "num_statements": 11, "percent_covered": 0.0, "percent_covered_display": "0", "missing_lines": 11, "excluded_lines": 0}, "missing_lines": [30, 31, 32, 36, 37, 38, 39, 40, 41, 44, 47], "excluded_lines": []}, "": {"executed_lines": [], "summary": {"covered_lines": 0, "num_statements": 20, "percent_covered": 0.0, "percent_covered_display": "0", "missing_lines": 20, "excluded_lines": 0}, "missing_lines": [3, 5, 6, 7, 8, 11, 12, 15, 16, 17, 18, 19, 20, 23, 26, 29, 34, 43, 46, 50], "excluded_lines": []}}}, "legion/agents/__init__.py": {"executed_lines": [1], "summary": {"covered_lines": 0, "num_statements": 0, "percent_covered": 100.0, "percent_covered_display": "100", "missing_lines": 0, "excluded_lines": 0}, "missing_lines": [], "excluded_lines": [], "functions": {"": {"executed_lines": [1], "summary": {"covered_lines": 0, "num_statements": 0, "percent_covered": 100.0, "percent_covered_display": "100", "missing_lines": 0, "excluded_lines": 0}, "missing_lines": [], "excluded_lines": []}}, "classes": {"": {"executed_lines": [1], "summary": {"covered_lines": 0, "num_statements": 0, "percent_covered": 100.0, "percent_covered_display": "100", "missing_lines": 0, "excluded_lines": 0}, "missing_lines": [], "excluded_lines": []}}}, "legion/agents/base.py": {"executed_lines": [1, 7, 8, 9, 10, 11, 12, 14, 16, 17, 18, 19, 20, 22, 24, 26, 37, 38, 40, 67, 112, 150, 169, 187, 206, 216, 432, 457, 486, 558, 591, 596, 610, 647], "summary": {"covered_lines": 32, "num_statements": 344, "percent_covered": 9.30232558139535, "percent_covered_display": "9", "missing_lines": 312, "excluded_lines": 0}, "missing_lines": [48, 49, 50, 51, 52, 53, 54, 55, 58, 59, 61, 62, 63, 65, 69, 71, 74, 75, 76, 77, 78, 79, 80, 83, 84, 87, 88, 91, 92, 94, 96, 102, 103, 105, 107, 108, 110, 114, 115, 116, 117, 118, 119, 120, 121, 122, 124, 125, 126, 129, 131, 132, 133, 134, 135, 136, 137, 138, 140, 141, 142, 143, 144, 145, 146, 148, 152, 153, 155, 156, 157, 158, 160, 166, 167, 171, 172, 174, 175, 176, 178, 184, 185, 189, 190, 192, 193, 194, 195, 197, 203, 204, 208, 209, 214, 220, 222, 223, 224, 225, 227, 228, 229, 230, 231, 232, 233, 234, 239, 246, 252, 253, 254, 256, 260, 261, 264, 265, 266, 269, 271, 272, 273, 274, 280, 281, 284, 285, 286, 289, 291, 292, 293, 296, 297, 300, 301, 302, 305, 307, 314, 315, 316, 317, 318, 319, 320, 321, 322, 324, 325, 328, 336, 337, 340, 341, 344, 346, 349, 351, 355, 356, 357, 360, 361, 362, 363, 365, 366, 367, 368, 371, 372, 376, 378, 379, 380, 381, 384, 387, 390, 391, 392, 395, 396, 400, 402, 403, 411, 412, 415, 416, 419, 420, 421, 426, 427, 428, 429, 430, 434, 435, 436, 439, 440, 444, 447, 449, 452, 453, 454, 455, 461, 464, 465, 466, 467, 468, 469, 470, 473, 474, 475, 476, 477, 478, 479, 480, 481, 482, 483, 484, 490, 491, 494, 497, 500, 501, 503, 504, 505, 506, 508, 509, 511, 512, 515, 523, 524, 527, 528, 531, 533, 536, 538, 542, 543, 544, 546, 547, 548, 551, 552, 554, 555, 556, 560, 561, 562, 565, 566, 568, 569, 571, 572, 573, 574, 575, 576, 578, 579, 580, 581, 582, 584, 586, 587, 588, 589, 592, 593, 594, 605, 606, 618, 621, 622, 623, 625, 626, 628, 633, 634, 635, 636, 637, 638, 639, 644, 645, 651, 659], "excluded_lines": [], "functions": {"BaseAgent.__init__": {"executed_lines": [], "summary": {"covered_lines": 0, "num_statements": 14, "percent_covered": 0.0, "percent_covered_display": "0", "missing_lines": 14, "excluded_lines": 0}, "missing_lines": [48, 49, 50, 51, 52, 53, 54, 55, 58, 59, 61, 62, 63, 65], "excluded_lines": []}, "BaseAgent.post_to_discord": {"executed_lines": [], "summary": {"covered_lines": 0, "num_statements": 23, "percent_covered": 0.0, "percent_covered_display": "0", "missing_lines": 23, "excluded_lines": 0}, "missing_lines": [69, 71, 74, 75, 76, 77, 78, 79, 80, 83, 84, 87, 88, 91, 92, 94, 96, 102, 103, 105, 107, 108, 110], "excluded_lines": []}, "BaseAgent._post_to_discord_fallback": {"executed_lines": [], "summary": {"covered_lines": 0, "num_statements": 29, "percent_covered": 0.0, "percent_covered_display": "0", "missing_lines": 29, "excluded_lines": 0}, "missing_lines": [114, 115, 116, 117, 118, 119, 120, 121, 122, 124, 125, 126, 129, 131, 132, 133, 134, 135, 136, 137, 138, 140, 141, 142, 143, 144, 145, 146, 148], "excluded_lines": []}, "BaseAgent.send_status_update": {"executed_lines": [], "summary": {"covered_lines": 0, "num_statements": 9, "percent_covered": 0.0, "percent_covered_display": "0", "missing_lines": 9, "excluded_lines": 0}, "missing_lines": [152, 153, 155, 156, 157, 158, 160, 166, 167], "excluded_lines": []}, "BaseAgent.send_error_notification": {"executed_lines": [], "summary": {"covered_lines": 0, "num_statements": 8, "percent_covered": 0.0, "percent_covered_display": "0", "missing_lines": 8, "excluded_lines": 0}, "missing_lines": [171, 172, 174, 175, 176, 178, 184, 185], "excluded_lines": []}, "BaseAgent.send_success_notification": {"executed_lines": [], "summary": {"covered_lines": 0, "num_statements": 9, "percent_covered": 0.0, "percent_covered_display": "0", "missing_lines": 9, "excluded_lines": 0}, "missing_lines": [189, 190, 192, 193, 194, 195, 197, 203, 204], "excluded_lines": []}, "BaseAgent.self_assess": {"executed_lines": [], "summary": {"covered_lines": 0, "num_statements": 3, "percent_covered": 0.0, "percent_covered_display": "0", "missing_lines": 3, "excluded_lines": 0}, "missing_lines": [208, 209, 214], "excluded_lines": []}, "BaseAgent.handle_message": {"executed_lines": [], "summary": {"covered_lines": 0, "num_statements": 105, "percent_covered": 0.0, "percent_covered_display": "0", "missing_lines": 105, "excluded_lines": 0}, "missing_lines": [220, 222, 223, 224, 225, 227, 228, 229, 230, 231, 232, 233, 234, 239, 246, 252, 253, 254, 256, 260, 261, 264, 265, 266, 269, 271, 272, 273, 274, 280, 281, 284, 285, 286, 289, 291, 292, 293, 296, 297, 300, 301, 302, 305, 307, 314, 315, 316, 317, 318, 319, 320, 321, 322, 324, 325, 328, 336, 337, 340, 341, 344, 346, 349, 351, 355, 356, 357, 360, 361, 362, 363, 365, 366, 367, 368, 371, 372, 376, 378, 379, 380, 381, 384, 387, 390, 391, 392, 395, 396, 400, 402, 403, 411, 412, 415, 416, 419, 420, 421, 426, 427, 428, 429, 430], "excluded_lines": []}, "BaseAgent.get_message_embedding": {"executed_lines": [], "summary": {"covered_lines": 0, "num_statements": 12, "percent_covered": 0.0, "percent_covered_display": "0", "missing_lines": 12, "excluded_lines": 0}, "missing_lines": [434, 435, 436, 439, 440, 444, 447, 449, 452, 453, 454, 455], "excluded_lines": []}, "BaseAgent.fetch_thread_history": {"executed_lines": [], "summary": {"covered_lines": 0, "num_statements": 20, "percent_covered": 0.0, "percent_covered_display": "0", "missing_lines": 20, "excluded_lines": 0}, "missing_lines": [461, 464, 465, 466, 467, 468, 469, 470, 473, 474, 475, 476, 477, 478, 479, 480, 481, 482, 483, 484], "excluded_lines": []}, "BaseAgent.call_llm": {"executed_lines": [], "summary": {"covered_lines": 0, "num_statements": 34, "percent_covered": 0.0, "percent_covered_display": "0", "missing_lines": 34, "excluded_lines": 0}, "missing_lines": [490, 491, 494, 497, 500, 501, 503, 504, 505, 506, 508, 509, 511, 512, 515, 523, 524, 527, 528, 531, 533, 536, 538, 542, 543, 544, 546, 547, 548, 551, 552, 554, 555, 556], "excluded_lines": []}, "BaseAgent.start_self_assessment": {"executed_lines": [], "summary": {"covered_lines": 0, "num_statements": 10, "percent_covered": 0.0, "percent_covered_display": "0", "missing_lines": 10, "excluded_lines": 0}, "missing_lines": [560, 561, 562, 565, 566, 568, 586, 587, 588, 589], "excluded_lines": []}, "BaseAgent.start_self_assessment.loop": {"executed_lines": [], "summary": {"covered_lines": 0, "num_statements": 13, "percent_covered": 0.0, "percent_covered_display": "0", "missing_lines": 13, "excluded_lines": 0}, "missing_lines": [569, 571, 572, 573, 574, 575, 576, 578, 579, 580, 581, 582, 584], "excluded_lines": []}, "BaseAgent.stop_self_assessment": {"executed_lines": [], "summary": {"covered_lines": 0, "num_statements": 3, "percent_covered": 0.0, "percent_covered_display": "0", "missing_lines": 3, "excluded_lines": 0}, "missing_lines": [592, 593, 594], "excluded_lines": []}, "BaseAgent.mem_retrieve": {"executed_lines": [], "summary": {"covered_lines": 0, "num_statements": 2, "percent_covered": 0.0, "percent_covered_display": "0", "missing_lines": 2, "excluded_lines": 0}, "missing_lines": [605, 606], "excluded_lines": []}, "BaseAgent.mem_store": {"executed_lines": [], "summary": {"covered_lines": 0, "num_statements": 12, "percent_covered": 0.0, "percent_covered_display": "0", "missing_lines": 12, "excluded_lines": 0}, "missing_lines": [618, 621, 628, 633, 634, 635, 636, 637, 638, 639, 644, 645], "excluded_lines": []}, "BaseAgent.mem_store.make_hashable_text": {"executed_lines": [], "summary": {"covered_lines": 0, "num_statements": 4, "percent_covered": 0.0, "percent_covered_display": "0", "missing_lines": 4, "excluded_lines": 0}, "missing_lines": [622, 623, 625, 626], "excluded_lines": []}, "BaseAgent.store_message": {"executed_lines": [], "summary": {"covered_lines": 0, "num_statements": 2, "percent_covered": 0.0, "percent_covered_display": "0", "missing_lines": 2, "excluded_lines": 0}, "missing_lines": [651, 659], "excluded_lines": []}, "": {"executed_lines": [1, 7, 8, 9, 10, 11, 12, 14, 16, 17, 18, 19, 20, 22, 24, 26, 37, 38, 40, 67, 112, 150, 169, 187, 206, 216, 432, 457, 486, 558, 591, 596, 610, 647], "summary": {"covered_lines": 32, "num_statements": 32, "percent_covered": 100.0, "percent_covered_display": "100", "missing_lines": 0, "excluded_lines": 0}, "missing_lines": [], "excluded_lines": []}}, "classes": {"BaseAgent": {"executed_lines": [], "summary": {"covered_lines": 0, "num_statements": 312, "percent_covered": 0.0, "percent_covered_display": "0", "missing_lines": 312, "excluded_lines": 0}, "missing_lines": [48, 49, 50, 51, 52, 53, 54, 55, 58, 59, 61, 62, 63, 65, 69, 71, 74, 75, 76, 77, 78, 79, 80, 83, 84, 87, 88, 91, 92, 94, 96, 102, 103, 105, 107, 108, 110, 114, 115, 116, 117, 118, 119, 120, 121, 122, 124, 125, 126, 129, 131, 132, 133, 134, 135, 136, 137, 138, 140, 141, 142, 143, 144, 145, 146, 148, 152, 153, 155, 156, 157, 158, 160, 166, 167, 171, 172, 174, 175, 176, 178, 184, 185, 189, 190, 192, 193, 194, 195, 197, 203, 204, 208, 209, 214, 220, 222, 223, 224, 225, 227, 228, 229, 230, 231, 232, 233, 234, 239, 246, 252, 253, 254, 256, 260, 261, 264, 265, 266, 269, 271, 272, 273, 274, 280, 281, 284, 285, 286, 289, 291, 292, 293, 296, 297, 300, 301, 302, 305, 307, 314, 315, 316, 317, 318, 319, 320, 321, 322, 324, 325, 328, 336, 337, 340, 341, 344, 346, 349, 351, 355, 356, 357, 360, 361, 362, 363, 365, 366, 367, 368, 371, 372, 376, 378, 379, 380, 381, 384, 387, 390, 391, 392, 395, 396, 400, 402, 403, 411, 412, 415, 416, 419, 420, 421, 426, 427, 428, 429, 430, 434, 435, 436, 439, 440, 444, 447, 449, 452, 453, 454, 455, 461, 464, 465, 466, 467, 468, 469, 470, 473, 474, 475, 476, 477, 478, 479, 480, 481, 482, 483, 484, 490, 491, 494, 497, 500, 501, 503, 504, 505, 506, 508, 509, 511, 512, 515, 523, 524, 527, 528, 531, 533, 536, 538, 542, 543, 544, 546, 547, 548, 551, 552, 554, 555, 556, 560, 561, 562, 565, 566, 568, 569, 571, 572, 573, 574, 575, 576, 578, 579, 580, 581, 582, 584, 586, 587, 588, 589, 592, 593, 594, 605, 606, 618, 621, 622, 623, 625, 626, 628, 633, 634, 635, 636, 637, 638, 639, 644, 645, 651, 659], "excluded_lines": []}, "": {"executed_lines": [1, 7, 8, 9, 10, 11, 12, 14, 16, 17, 18, 19, 20, 22, 24, 26, 37, 38, 40, 67, 112, 150, 169, 187, 206, 216, 432, 457, 486, 558, 591, 596, 610, 647], "summary": {"covered_lines": 32, "num_statements": 32, "percent_covered": 100.0, "percent_covered_display": "100", "missing_lines": 0, "excluded_lines": 0}, "missing_lines": [], "excluded_lines": []}}}, "legion/agents/contracts.py": {"executed_lines": [], "summary": {"covered_lines": 0, "num_statements": 73, "percent_covered": 0.0, "percent_covered_display": "0", "missing_lines": 73, "excluded_lines": 0}, "missing_lines": [1, 2, 5, 22, 23, 24, 26, 27, 28, 30, 31, 34, 36, 37, 38, 40, 41, 42, 44, 45, 46, 49, 67, 68, 69, 71, 72, 73, 75, 76, 77, 79, 80, 81, 83, 84, 85, 87, 88, 89, 92, 107, 108, 109, 111, 112, 113, 115, 116, 117, 119, 120, 121, 124, 136, 137, 138, 141, 153, 154, 155, 159, 168, 172, 173, 174, 175, 176, 177, 178, 179, 180, 181], "excluded_lines": [], "functions": {"IArchitectAgent.handle_review": {"executed_lines": [], "summary": {"covered_lines": 0, "num_statements": 1, "percent_covered": 0.0, "percent_covered_display": "0", "missing_lines": 1, "excluded_lines": 0}, "missing_lines": [24], "excluded_lines": []}, "IArchitectAgent.list_repo": {"executed_lines": [], "summary": {"covered_lines": 0, "num_statements": 1, "percent_covered": 0.0, "percent_covered_display": "0", "missing_lines": 1, "excluded_lines": 0}, "missing_lines": [28], "excluded_lines": []}, "IArchitectAgent.set_log_paths": {"executed_lines": [], "summary": {"covered_lines": 0, "num_statements": 1, "percent_covered": 0.0, "percent_covered_display": "0", "missing_lines": 1, "excluded_lines": 0}, "missing_lines": [34], "excluded_lines": []}, "IArchitectAgent.read_logs": {"executed_lines": [], "summary": {"covered_lines": 0, "num_statements": 1, "percent_covered": 0.0, "percent_covered_display": "0", "missing_lines": 1, "excluded_lines": 0}, "missing_lines": [38], "excluded_lines": []}, "IArchitectAgent.extract_llm_metrics": {"executed_lines": [], "summary": {"covered_lines": 0, "num_statements": 1, "percent_covered": 0.0, "percent_covered_display": "0", "missing_lines": 1, "excluded_lines": 0}, "missing_lines": [42], "excluded_lines": []}, "IArchitectAgent.compose_summary": {"executed_lines": [], "summary": {"covered_lines": 0, "num_statements": 1, "percent_covered": 0.0, "percent_covered_display": "0", "missing_lines": 1, "excluded_lines": 0}, "missing_lines": [46], "excluded_lines": []}, "IMetricsAgent.report": {"executed_lines": [], "summary": {"covered_lines": 0, "num_statements": 1, "percent_covered": 0.0, "percent_covered_display": "0", "missing_lines": 1, "excluded_lines": 0}, "missing_lines": [69], "excluded_lines": []}, "IMetricsAgent.handle_report": {"executed_lines": [], "summary": {"covered_lines": 0, "num_statements": 1, "percent_covered": 0.0, "percent_covered_display": "0", "missing_lines": 1, "excluded_lines": 0}, "missing_lines": [73], "excluded_lines": []}, "IMetricsAgent.get_agent_channels": {"executed_lines": [], "summary": {"covered_lines": 0, "num_statements": 1, "percent_covered": 0.0, "percent_covered_display": "0", "missing_lines": 1, "excluded_lines": 0}, "missing_lines": [77], "excluded_lines": []}, "IMetricsAgent.set_log_paths": {"executed_lines": [], "summary": {"covered_lines": 0, "num_statements": 1, "percent_covered": 0.0, "percent_covered_display": "0", "missing_lines": 1, "excluded_lines": 0}, "missing_lines": [81], "excluded_lines": []}, "IMetricsAgent.read_logs": {"executed_lines": [], "summary": {"covered_lines": 0, "num_statements": 1, "percent_covered": 0.0, "percent_covered_display": "0", "missing_lines": 1, "excluded_lines": 0}, "missing_lines": [85], "excluded_lines": []}, "IMetricsAgent.compose_summary": {"executed_lines": [], "summary": {"covered_lines": 0, "num_statements": 1, "percent_covered": 0.0, "percent_covered_display": "0", "missing_lines": 1, "excluded_lines": 0}, "missing_lines": [89], "excluded_lines": []}, "ITherapistAgent.set_log_paths": {"executed_lines": [], "summary": {"covered_lines": 0, "num_statements": 1, "percent_covered": 0.0, "percent_covered_display": "0", "missing_lines": 1, "excluded_lines": 0}, "missing_lines": [109], "excluded_lines": []}, "ITherapistAgent.read_logs": {"executed_lines": [], "summary": {"covered_lines": 0, "num_statements": 1, "percent_covered": 0.0, "percent_covered_display": "0", "missing_lines": 1, "excluded_lines": 0}, "missing_lines": [113], "excluded_lines": []}, "ITherapistAgent.compose_summary": {"executed_lines": [], "summary": {"covered_lines": 0, "num_statements": 1, "percent_covered": 0.0, "percent_covered_display": "0", "missing_lines": 1, "excluded_lines": 0}, "missing_lines": [117], "excluded_lines": []}, "ITherapistAgent.handle_self_assessment": {"executed_lines": [], "summary": {"covered_lines": 0, "num_statements": 1, "percent_covered": 0.0, "percent_covered_display": "0", "missing_lines": 1, "excluded_lines": 0}, "missing_lines": [121], "excluded_lines": []}, "IHealthcheckAgent.handle_healthcheck": {"executed_lines": [], "summary": {"covered_lines": 0, "num_statements": 1, "percent_covered": 0.0, "percent_covered_display": "0", "missing_lines": 1, "excluded_lines": 0}, "missing_lines": [138], "excluded_lines": []}, "IEchoAgent.handle_echo": {"executed_lines": [], "summary": {"covered_lines": 0, "num_statements": 1, "percent_covered": 0.0, "percent_covered_display": "0", "missing_lines": 1, "excluded_lines": 0}, "missing_lines": [155], "excluded_lines": []}, "validate_all_agents": {"executed_lines": [], "summary": {"covered_lines": 0, "num_statements": 10, "percent_covered": 0.0, "percent_covered_display": "0", "missing_lines": 10, "excluded_lines": 0}, "missing_lines": [172, 173, 174, 175, 176, 177, 178, 179, 180, 181], "excluded_lines": []}, "": {"executed_lines": [], "summary": {"covered_lines": 0, "num_statements": 45, "percent_covered": 0.0, "percent_covered_display": "0", "missing_lines": 45, "excluded_lines": 0}, "missing_lines": [1, 2, 5, 22, 23, 26, 27, 30, 31, 36, 37, 40, 41, 44, 45, 49, 67, 68, 71, 72, 75, 76, 79, 80, 83, 84, 87, 88, 92, 107, 108, 111, 112, 115, 116, 119, 120, 124, 136, 137, 141, 153, 154, 159, 168], "excluded_lines": []}}, "classes": {"IArchitectAgent": {"executed_lines": [], "summary": {"covered_lines": 0, "num_statements": 6, "percent_covered": 0.0, "percent_covered_display": "0", "missing_lines": 6, "excluded_lines": 0}, "missing_lines": [24, 28, 34, 38, 42, 46], "excluded_lines": []}, "IMetricsAgent": {"executed_lines": [], "summary": {"covered_lines": 0, "num_statements": 6, "percent_covered": 0.0, "percent_covered_display": "0", "missing_lines": 6, "excluded_lines": 0}, "missing_lines": [69, 73, 77, 81, 85, 89], "excluded_lines": []}, "ITherapistAgent": {"executed_lines": [], "summary": {"covered_lines": 0, "num_statements": 4, "percent_covered": 0.0, "percent_covered_display": "0", "missing_lines": 4, "excluded_lines": 0}, "missing_lines": [109, 113, 117, 121], "excluded_lines": []}, "IHealthcheckAgent": {"executed_lines": [], "summary": {"covered_lines": 0, "num_statements": 1, "percent_covered": 0.0, "percent_covered_display": "0", "missing_lines": 1, "excluded_lines": 0}, "missing_lines": [138], "excluded_lines": []}, "IEchoAgent": {"executed_lines": [], "summary": {"covered_lines": 0, "num_statements": 1, "percent_covered": 0.0, "percent_covered_display": "0", "missing_lines": 1, "excluded_lines": 0}, "missing_lines": [155], "excluded_lines": []}, "": {"executed_lines": [], "summary": {"covered_lines": 0, "num_statements": 55, "percent_covered": 0.0, "percent_covered_display": "0", "missing_lines": 55, "excluded_lines": 0}, "missing_lines": [1, 2, 5, 22, 23, 26, 27, 30, 31, 36, 37, 40, 41, 44, 45, 49, 67, 68, 71, 72, 75, 76, 79, 80, 83, 84, 87, 88, 92, 107, 108, 111, 112, 115, 116, 119, 120, 124, 136, 137, 141, 153, 154, 159, 168, 172, 173, 174, 175, 176, 177, 178, 179, 180, 181], "excluded_lines": []}}}, "legion/agents/echo.py": {"executed_lines": [], "summary": {"covered_lines": 0, "num_statements": 40, "percent_covered": 0.0, "percent_covered_display": "0", "missing_lines": 40, "excluded_lines": 2}, "missing_lines": [1, 3, 4, 5, 6, 8, 9, 10, 12, 13, 17, 20, 23, 26, 29, 30, 31, 32, 33, 34, 35, 36, 37, 38, 39, 40, 42, 44, 45, 46, 47, 48, 49, 51, 52, 53, 54, 55, 56, 57], "excluded_lines": [14, 15], "functions": {"EchoAgent.__init__": {"executed_lines": [], "summary": {"covered_lines": 0, "num_statements": 11, "percent_covered": 0.0, "percent_covered_display": "0", "missing_lines": 11, "excluded_lines": 0}, "missing_lines": [30, 31, 32, 33, 34, 35, 36, 37, 38, 39, 40], "excluded_lines": []}, "EchoAgent.log": {"executed_lines": [], "summary": {"covered_lines": 0, "num_statements": 13, "percent_covered": 0.0, "percent_covered_display": "0", "missing_lines": 13, "excluded_lines": 0}, "missing_lines": [44, 45, 46, 47, 48, 49, 51, 52, 53, 54, 55, 56, 57], "excluded_lines": []}, "": {"executed_lines": [], "summary": {"covered_lines": 0, "num_statements": 16, "percent_covered": 0.0, "percent_covered_display": "0", "missing_lines": 16, "excluded_lines": 2}, "missing_lines": [1, 3, 4, 5, 6, 8, 9, 10, 12, 13, 17, 20, 23, 26, 29, 42], "excluded_lines": [14, 15]}}, "classes": {"EventSchema": {"executed_lines": [], "summary": {"covered_lines": 0, "num_statements": 0, "percent_covered": 100.0, "percent_covered_display": "100", "missing_lines": 0, "excluded_lines": 0}, "missing_lines": [], "excluded_lines": []}, "EchoAgent": {"executed_lines": [], "summary": {"covered_lines": 0, "num_statements": 24, "percent_covered": 0.0, "percent_covered_display": "0", "missing_lines": 24, "excluded_lines": 0}, "missing_lines": [30, 31, 32, 33, 34, 35, 36, 37, 38, 39, 40, 44, 45, 46, 47, 48, 49, 51, 52, 53, 54, 55, 56, 57], "excluded_lines": []}, "": {"executed_lines": [], "summary": {"covered_lines": 0, "num_statements": 16, "percent_covered": 0.0, "percent_covered_display": "0", "missing_lines": 16, "excluded_lines": 2}, "missing_lines": [1, 3, 4, 5, 6, 8, 9, 10, 12, 13, 17, 20, 23, 26, 29, 42], "excluded_lines": [14, 15]}}}, "legion/agents/go/__init__.py": {"executed_lines": [], "summary": {"covered_lines": 0, "num_statements": 0, "percent_covered": 100.0, "percent_covered_display": "100", "missing_lines": 0, "excluded_lines": 0}, "missing_lines": [], "excluded_lines": [], "functions": {"": {"executed_lines": [], "summary": {"covered_lines": 0, "num_statements": 0, "percent_covered": 100.0, "percent_covered_display": "100", "missing_lines": 0, "excluded_lines": 0}, "missing_lines": [], "excluded_lines": []}}, "classes": {"": {"executed_lines": [], "summary": {"covered_lines": 0, "num_statements": 0, "percent_covered": 100.0, "percent_covered_display": "100", "missing_lines": 0, "excluded_lines": 0}, "missing_lines": [], "excluded_lines": []}}}, "legion/agents/memory.py": {"executed_lines": [], "summary": {"covered_lines": 0, "num_statements": 38, "percent_covered": 0.0, "percent_covered_display": "0", "missing_lines": 38, "excluded_lines": 0}, "missing_lines": [5, 6, 7, 10, 13, 20, 21, 22, 23, 24, 26, 28, 29, 30, 32, 34, 36, 37, 39, 49, 51, 58, 59, 61, 67, 68, 69, 71, 73, 74, 76, 82, 84, 90, 91, 92, 94, 100], "excluded_lines": [], "functions": {"LegionAgentMemory.__init__": {"executed_lines": [], "summary": {"covered_lines": 0, "num_statements": 5, "percent_covered": 0.0, "percent_covered_display": "0", "missing_lines": 5, "excluded_lines": 0}, "missing_lines": [20, 21, 22, 23, 24], "excluded_lines": []}, "LegionAgentMemory._load_memory": {"executed_lines": [], "summary": {"covered_lines": 0, "num_statements": 4, "percent_covered": 0.0, "percent_covered_display": "0", "missing_lines": 4, "excluded_lines": 0}, "missing_lines": [28, 29, 30, 32], "excluded_lines": []}, "LegionAgentMemory._save_memory": {"executed_lines": [], "summary": {"covered_lines": 0, "num_statements": 2, "percent_covered": 0.0, "percent_covered_display": "0", "missing_lines": 2, "excluded_lines": 0}, "missing_lines": [36, 37], "excluded_lines": []}, "LegionAgentMemory.get": {"executed_lines": [], "summary": {"covered_lines": 0, "num_statements": 1, "percent_covered": 0.0, "percent_covered_display": "0", "missing_lines": 1, "excluded_lines": 0}, "missing_lines": [49], "excluded_lines": []}, "LegionAgentMemory.set": {"executed_lines": [], "summary": {"covered_lines": 0, "num_statements": 2, "percent_covered": 0.0, "percent_covered_display": "0", "missing_lines": 2, "excluded_lines": 0}, "missing_lines": [58, 59], "excluded_lines": []}, "LegionAgentMemory.delete": {"executed_lines": [], "summary": {"covered_lines": 0, "num_statements": 3, "percent_covered": 0.0, "percent_covered_display": "0", "missing_lines": 3, "excluded_lines": 0}, "missing_lines": [67, 68, 69], "excluded_lines": []}, "LegionAgentMemory.clear": {"executed_lines": [], "summary": {"covered_lines": 0, "num_statements": 2, "percent_covered": 0.0, "percent_covered_display": "0", "missing_lines": 2, "excluded_lines": 0}, "missing_lines": [73, 74], "excluded_lines": []}, "LegionAgentMemory.get_all": {"executed_lines": [], "summary": {"covered_lines": 0, "num_statements": 1, "percent_covered": 0.0, "percent_covered_display": "0", "missing_lines": 1, "excluded_lines": 0}, "missing_lines": [82], "excluded_lines": []}, "LegionAgentMemory.log_task": {"executed_lines": [], "summary": {"covered_lines": 0, "num_statements": 3, "percent_covered": 0.0, "percent_covered_display": "0", "missing_lines": 3, "excluded_lines": 0}, "missing_lines": [90, 91, 92], "excluded_lines": []}, "LegionAgentMemory.get_task_log": {"executed_lines": [], "summary": {"covered_lines": 0, "num_statements": 1, "percent_covered": 0.0, "percent_covered_display": "0", "missing_lines": 1, "excluded_lines": 0}, "missing_lines": [100], "excluded_lines": []}, "": {"executed_lines": [], "summary": {"covered_lines": 0, "num_statements": 14, "percent_covered": 0.0, "percent_covered_display": "0", "missing_lines": 14, "excluded_lines": 0}, "missing_lines": [5, 6, 7, 10, 13, 26, 34, 39, 51, 61, 71, 76, 84, 94], "excluded_lines": []}}, "classes": {"LegionAgentMemory": {"executed_lines": [], "summary": {"covered_lines": 0, "num_statements": 24, "percent_covered": 0.0, "percent_covered_display": "0", "missing_lines": 24, "excluded_lines": 0}, "missing_lines": [20, 21, 22, 23, 24, 28, 29, 30, 32, 36, 37, 49, 58, 59, 67, 68, 69, 73, 74, 82, 90, 91, 92, 100], "excluded_lines": []}, "": {"executed_lines": [], "summary": {"covered_lines": 0, "num_statements": 14, "percent_covered": 0.0, "percent_covered_display": "0", "missing_lines": 14, "excluded_lines": 0}, "missing_lines": [5, 6, 7, 10, 13, 26, 34, 39, 51, 61, 71, 76, 84, 94], "excluded_lines": []}}}, "legion/agents/python/__init__.py": {"executed_lines": [1, 3, 4, 5, 6, 7, 8, 9, 10, 11, 17], "summary": {"covered_lines": 10, "num_statements": 10, "percent_covered": 100.0, "percent_covered_display": "100", "missing_lines": 0, "excluded_lines": 0}, "missing_lines": [], "excluded_lines": [], "functions": {"": {"executed_lines": [1, 3, 4, 5, 6, 7, 8, 9, 10, 11, 17], "summary": {"covered_lines": 10, "num_statements": 10, "percent_covered": 100.0, "percent_covered_display": "100", "missing_lines": 0, "excluded_lines": 0}, "missing_lines": [], "excluded_lines": []}}, "classes": {"": {"executed_lines": [1, 3, 4, 5, 6, 7, 8, 9, 10, 11, 17], "summary": {"covered_lines": 10, "num_statements": 10, "percent_covered": 100.0, "percent_covered_display": "100", "missing_lines": 0, "excluded_lines": 0}, "missing_lines": [], "excluded_lines": []}}}, "legion/agents/python/architect.py": {"executed_lines": [1, 2, 4, 7, 8, 10, 17, 44, 74, 89, 104, 121, 146, 163], "summary": {"covered_lines": 13, "num_statements": 105, "percent_covered": 12.380952380952381, "percent_covered_display": "12", "missing_lines": 92, "excluded_lines": 0}, "missing_lines": [18, 20, 22, 23, 24, 25, 26, 29, 30, 31, 33, 34, 39, 40, 41, 42, 47, 50, 55, 56, 61, 70, 72, 77, 78, 79, 80, 81, 82, 83, 84, 85, 87, 92, 93, 95, 97, 98, 100, 106, 107, 108, 109, 110, 111, 112, 113, 114, 115, 116, 117, 118, 119, 123, 124, 125, 126, 127, 128, 129, 130, 131, 132, 133, 134, 135, 136, 137, 138, 139, 140, 141, 142, 143, 144, 148, 149, 150, 151, 152, 153, 154, 156, 157, 158, 159, 160, 161, 165, 166, 168, 170], "excluded_lines": [], "functions": {"ArchitectAgent.__init__": {"executed_lines": [], "summary": {"covered_lines": 0, "num_statements": 16, "percent_covered": 0.0, "percent_covered_display": "0", "missing_lines": 16, "excluded_lines": 0}, "missing_lines": [18, 20, 22, 23, 24, 25, 26, 29, 30, 31, 33, 34, 39, 40, 41, 42], "excluded_lines": []}, "ArchitectAgent.handle_review": {"executed_lines": [], "summary": {"covered_lines": 0, "num_statements": 7, "percent_covered": 0.0, "percent_covered_display": "0", "missing_lines": 7, "excluded_lines": 0}, "missing_lines": [47, 50, 55, 56, 61, 70, 72], "excluded_lines": []}, "ArchitectAgent.list_repo": {"executed_lines": [], "summary": {"covered_lines": 0, "num_statements": 2, "percent_covered": 0.0, "percent_covered_display": "0", "missing_lines": 2, "excluded_lines": 0}, "missing_lines": [77, 87], "excluded_lines": []}, "ArchitectAgent.list_repo.list_files": {"executed_lines": [], "summary": {"covered_lines": 0, "num_statements": 8, "percent_covered": 0.0, "percent_covered_display": "0", "missing_lines": 8, "excluded_lines": 0}, "missing_lines": [78, 79, 80, 81, 82, 83, 84, 85], "excluded_lines": []}, "ArchitectAgent.set_log_paths": {"executed_lines": [], "summary": {"covered_lines": 0, "num_statements": 6, "percent_covered": 0.0, "percent_covered_display": "0", "missing_lines": 6, "excluded_lines": 0}, "missing_lines": [92, 93, 95, 97, 98, 100], "excluded_lines": []}, "ArchitectAgent.read_logs": {"executed_lines": [], "summary": {"covered_lines": 0, "num_statements": 14, "percent_covered": 0.0, "percent_covered_display": "0", "missing_lines": 14, "excluded_lines": 0}, "missing_lines": [106, 107, 108, 109, 110, 111, 112, 113, 114, 115, 116, 117, 118, 119], "excluded_lines": []}, "ArchitectAgent.extract_llm_metrics": {"executed_lines": [], "summary": {"covered_lines": 0, "num_statements": 22, "percent_covered": 0.0, "percent_covered_display": "0", "missing_lines": 22, "excluded_lines": 0}, "missing_lines": [123, 124, 125, 126, 127, 128, 129, 130, 131, 132, 133, 134, 135, 136, 137, 138, 139, 140, 141, 142, 143, 144], "excluded_lines": []}, "ArchitectAgent.compose_summary": {"executed_lines": [], "summary": {"covered_lines": 0, "num_statements": 13, "percent_covered": 0.0, "percent_covered_display": "0", "missing_lines": 13, "excluded_lines": 0}, "missing_lines": [148, 149, 150, 151, 152, 153, 154, 156, 157, 158, 159, 160, 161], "excluded_lines": []}, "ArchitectAgent.retrieve_feedback": {"executed_lines": [], "summary": {"covered_lines": 0, "num_statements": 4, "percent_covered": 0.0, "percent_covered_display": "0", "missing_lines": 4, "excluded_lines": 0}, "missing_lines": [165, 166, 168, 170], "excluded_lines": []}, "": {"executed_lines": [1, 2, 4, 7, 8, 10, 17, 44, 74, 89, 104, 121, 146, 163], "summary": {"covered_lines": 13, "num_statements": 13, "percent_covered": 100.0, "percent_covered_display": "100", "missing_lines": 0, "excluded_lines": 0}, "missing_lines": [], "excluded_lines": []}}, "classes": {"ArchitectAgent": {"executed_lines": [], "summary": {"covered_lines": 0, "num_statements": 92, "percent_covered": 0.0, "percent_covered_display": "0", "missing_lines": 92, "excluded_lines": 0}, "missing_lines": [18, 20, 22, 23, 24, 25, 26, 29, 30, 31, 33, 34, 39, 40, 41, 42, 47, 50, 55, 56, 61, 70, 72, 77, 78, 79, 80, 81, 82, 83, 84, 85, 87, 92, 93, 95, 97, 98, 100, 106, 107, 108, 109, 110, 111, 112, 113, 114, 115, 116, 117, 118, 119, 123, 124, 125, 126, 127, 128, 129, 130, 131, 132, 133, 134, 135, 136, 137, 138, 139, 140, 141, 142, 143, 144, 148, 149, 150, 151, 152, 153, 154, 156, 157, 158, 159, 160, 161, 165, 166, 168, 170], "excluded_lines": []}, "": {"executed_lines": [1, 2, 4, 7, 8, 10, 17, 44, 74, 89, 104, 121, 146, 163], "summary": {"covered_lines": 13, "num_statements": 13, "percent_covered": 100.0, "percent_covered_display": "100", "missing_lines": 0, "excluded_lines": 0}, "missing_lines": [], "excluded_lines": []}}}, "legion/agents/python/doctor.py": {"executed_lines": [1, 2, 4, 5, 6, 7, 9, 10, 11, 12, 14, 16, 19, 20, 22, 26, 48, 60, 71, 80], "summary": {"covered_lines": 17, "num_statements": 54, "percent_covered": 31.48148148148148, "percent_covered_display": "31", "missing_lines": 37, "excluded_lines": 8}, "missing_lines": [23, 24, 28, 29, 30, 31, 32, 33, 34, 35, 36, 37, 38, 39, 42, 43, 44, 49, 54, 55, 56, 62, 63, 64, 65, 66, 67, 68, 69, 73, 74, 75, 76, 77, 78, 82, 87], "excluded_lines": [11, 12, 40, 41, 45, 46, 57, 58], "functions": {"DoctorAgent.__init__": {"executed_lines": [], "summary": {"covered_lines": 0, "num_statements": 2, "percent_covered": 0.0, "percent_covered_display": "0", "missing_lines": 2, "excluded_lines": 0}, "missing_lines": [23, 24], "excluded_lines": []}, "DoctorAgent.setup": {"executed_lines": [], "summary": {"covered_lines": 0, "num_statements": 15, "percent_covered": 0.0, "percent_covered_display": "0", "missing_lines": 15, "excluded_lines": 4}, "missing_lines": [28, 29, 30, 31, 32, 33, 34, 35, 36, 37, 38, 39, 42, 43, 44], "excluded_lines": [40, 41, 45, 46]}, "DoctorAgent._log_diagnosis": {"executed_lines": [], "summary": {"covered_lines": 0, "num_statements": 4, "percent_covered": 0.0, "percent_covered_display": "0", "missing_lines": 4, "excluded_lines": 2}, "missing_lines": [49, 54, 55, 56], "excluded_lines": [57, 58]}, "DoctorAgent.process_message": {"executed_lines": [], "summary": {"covered_lines": 0, "num_statements": 8, "percent_covered": 0.0, "percent_covered_display": "0", "missing_lines": 8, "excluded_lines": 0}, "missing_lines": [62, 63, 64, 65, 66, 67, 68, 69], "excluded_lines": []}, "DoctorAgent.diagnose_issue": {"executed_lines": [], "summary": {"covered_lines": 0, "num_statements": 6, "percent_covered": 0.0, "percent_covered_display": "0", "missing_lines": 6, "excluded_lines": 0}, "missing_lines": [73, 74, 75, 76, 77, 78], "excluded_lines": []}, "DoctorAgent.suggest_remedy": {"executed_lines": [], "summary": {"covered_lines": 0, "num_statements": 2, "percent_covered": 0.0, "percent_covered_display": "0", "missing_lines": 2, "excluded_lines": 0}, "missing_lines": [82, 87], "excluded_lines": []}, "": {"executed_lines": [1, 2, 4, 5, 6, 7, 9, 10, 11, 12, 14, 16, 19, 20, 22, 26, 48, 60, 71, 80], "summary": {"covered_lines": 17, "num_statements": 17, "percent_covered": 100.0, "percent_covered_display": "100", "missing_lines": 0, "excluded_lines": 2}, "missing_lines": [], "excluded_lines": [11, 12]}}, "classes": {"DoctorAgent": {"executed_lines": [], "summary": {"covered_lines": 0, "num_statements": 37, "percent_covered": 0.0, "percent_covered_display": "0", "missing_lines": 37, "excluded_lines": 6}, "missing_lines": [23, 24, 28, 29, 30, 31, 32, 33, 34, 35, 36, 37, 38, 39, 42, 43, 44, 49, 54, 55, 56, 62, 63, 64, 65, 66, 67, 68, 69, 73, 74, 75, 76, 77, 78, 82, 87], "excluded_lines": [40, 41, 45, 46, 57, 58]}, "": {"executed_lines": [1, 2, 4, 5, 6, 7, 9, 10, 11, 12, 14, 16, 19, 20, 22, 26, 48, 60, 71, 80], "summary": {"covered_lines": 17, "num_statements": 17, "percent_covered": 100.0, "percent_covered_display": "100", "missing_lines": 0, "excluded_lines": 2}, "missing_lines": [], "excluded_lines": [11, 12]}}}, "legion/agents/python/echo.py": {"executed_lines": [1, 3, 5, 6, 7, 8, 10, 13, 14, 16, 21, 28, 36, 52], "summary": {"covered_lines": 12, "num_statements": 29, "percent_covered": 41.37931034482759, "percent_covered_display": "41", "missing_lines": 17, "excluded_lines": 0}, "missing_lines": [22, 23, 24, 25, 26, 29, 30, 31, 32, 33, 34, 38, 42, 43, 44, 46, 54], "excluded_lines": [], "functions": {"EchoAgent.__init__": {"executed_lines": [], "summary": {"covered_lines": 0, "num_statements": 5, "percent_covered": 0.0, "percent_covered_display": "0", "missing_lines": 5, "excluded_lines": 0}, "missing_lines": [22, 23, 24, 25, 26], "excluded_lines": []}, "EchoAgent._flush_buffer": {"executed_lines": [], "summary": {"covered_lines": 0, "num_statements": 6, "percent_covered": 0.0, "percent_covered_display": "0", "missing_lines": 6, "excluded_lines": 0}, "missing_lines": [29, 30, 31, 32, 33, 34], "excluded_lines": []}, "EchoAgent.handle_echo": {"executed_lines": [], "summary": {"covered_lines": 0, "num_statements": 5, "percent_covered": 0.0, "percent_covered_display": "0", "missing_lines": 5, "excluded_lines": 0}, "missing_lines": [38, 42, 43, 44, 46], "excluded_lines": []}, "EchoAgent.close": {"executed_lines": [], "summary": {"covered_lines": 0, "num_statements": 1, "percent_covered": 0.0, "percent_covered_display": "0", "missing_lines": 1, "excluded_lines": 0}, "missing_lines": [54], "excluded_lines": []}, "": {"executed_lines": [1, 3, 5, 6, 7, 8, 10, 13, 14, 16, 21, 28, 36, 52], "summary": {"covered_lines": 12, "num_statements": 12, "percent_covered": 100.0, "percent_covered_display": "100", "missing_lines": 0, "excluded_lines": 0}, "missing_lines": [], "excluded_lines": []}}, "classes": {"EchoAgent": {"executed_lines": [], "summary": {"covered_lines": 0, "num_statements": 17, "percent_covered": 0.0, "percent_covered_display": "0", "missing_lines": 17, "excluded_lines": 0}, "missing_lines": [22, 23, 24, 25, 26, 29, 30, 31, 32, 33, 34, 38, 42, 43, 44, 46, 54], "excluded_lines": []}, "": {"executed_lines": [1, 3, 5, 6, 7, 8, 10, 13, 14, 16, 21, 28, 36, 52], "summary": {"covered_lines": 12, "num_statements": 12, "percent_covered": 100.0, "percent_covered_display": "100", "missing_lines": 0, "excluded_lines": 0}, "missing_lines": [], "excluded_lines": []}}}, "legion/agents/python/healthcheck.py": {"executed_lines": [1, 2, 3, 4, 5, 7, 10, 11, 13, 20, 29, 35, 46, 82, 93, 130, 143, 156, 177], "summary": {"covered_lines": 18, "num_statements": 102, "percent_covered": 17.647058823529413, "percent_covered_display": "18", "missing_lines": 84, "excluded_lines": 0}, "missing_lines": [21, 22, 23, 26, 27, 31, 32, 33, 37, 38, 39, 40, 41, 42, 43, 44, 48, 49, 50, 51, 53, 54, 55, 56, 58, 59, 60, 63, 64, 65, 66, 67, 70, 73, 74, 76, 77, 78, 79, 80, 84, 85, 95, 98, 99, 100, 101, 102, 103, 106, 107, 108, 114, 115, 116, 119, 120, 121, 124, 125, 126, 128, 132, 133, 134, 135, 136, 137, 138, 139, 140, 141, 145, 149, 150, 151, 152, 153, 154, 158, 159, 161, 175, 178], "excluded_lines": [], "functions": {"HealthcheckAgent.__init__": {"executed_lines": [], "summary": {"covered_lines": 0, "num_statements": 5, "percent_covered": 0.0, "percent_covered_display": "0", "missing_lines": 5, "excluded_lines": 0}, "missing_lines": [21, 22, 23, 26, 27], "excluded_lines": []}, "HealthcheckAgent.start": {"executed_lines": [], "summary": {"covered_lines": 0, "num_statements": 3, "percent_covered": 0.0, "percent_covered_display": "0", "missing_lines": 3, "excluded_lines": 0}, "missing_lines": [31, 32, 33], "excluded_lines": []}, "HealthcheckAgent.stop": {"executed_lines": [], "summary": {"covered_lines": 0, "num_statements": 8, "percent_covered": 0.0, "percent_covered_display": "0", "missing_lines": 8, "excluded_lines": 0}, "missing_lines": [37, 38, 39, 40, 41, 42, 43, 44], "excluded_lines": []}, "HealthcheckAgent.health_loop": {"executed_lines": [], "summary": {"covered_lines": 0, "num_statements": 24, "percent_covered": 0.0, "percent_covered_display": "0", "missing_lines": 24, "excluded_lines": 0}, "missing_lines": [48, 49, 50, 51, 53, 54, 55, 56, 58, 59, 60, 63, 64, 65, 66, 67, 70, 73, 74, 76, 77, 78, 79, 80], "excluded_lines": []}, "HealthcheckAgent.get_status": {"executed_lines": [], "summary": {"covered_lines": 0, "num_statements": 2, "percent_covered": 0.0, "percent_covered_display": "0", "missing_lines": 2, "excluded_lines": 0}, "missing_lines": [84, 85], "excluded_lines": []}, "HealthcheckAgent.check_dependencies": {"executed_lines": [], "summary": {"covered_lines": 0, "num_statements": 20, "percent_covered": 0.0, "percent_covered_display": "0", "missing_lines": 20, "excluded_lines": 0}, "missing_lines": [95, 98, 99, 100, 101, 102, 103, 106, 107, 108, 114, 115, 116, 119, 120, 121, 124, 125, 126, 128], "excluded_lines": []}, "HealthcheckAgent.ping_agents": {"executed_lines": [], "summary": {"covered_lines": 0, "num_statements": 10, "percent_covered": 0.0, "percent_covered_display": "0", "missing_lines": 10, "excluded_lines": 0}, "missing_lines": [132, 133, 134, 135, 136, 137, 138, 139, 140, 141], "excluded_lines": []}, "HealthcheckAgent._record_status": {"executed_lines": [], "summary": {"covered_lines": 0, "num_statements": 7, "percent_covered": 0.0, "percent_covered_display": "0", "missing_lines": 7, "excluded_lines": 0}, "missing_lines": [145, 149, 150, 151, 152, 153, 154], "excluded_lines": []}, "HealthcheckAgent.generate_report": {"executed_lines": [], "summary": {"covered_lines": 0, "num_statements": 4, "percent_covered": 0.0, "percent_covered_display": "0", "missing_lines": 4, "excluded_lines": 0}, "missing_lines": [158, 159, 161, 175], "excluded_lines": []}, "HealthcheckAgent.handle_healthcheck": {"executed_lines": [], "summary": {"covered_lines": 0, "num_statements": 1, "percent_covered": 0.0, "percent_covered_display": "0", "missing_lines": 1, "excluded_lines": 0}, "missing_lines": [178], "excluded_lines": []}, "": {"executed_lines": [1, 2, 3, 4, 5, 7, 10, 11, 13, 20, 29, 35, 46, 82, 93, 130, 143, 156, 177], "summary": {"covered_lines": 18, "num_statements": 18, "percent_covered": 100.0, "percent_covered_display": "100", "missing_lines": 0, "excluded_lines": 0}, "missing_lines": [], "excluded_lines": []}}, "classes": {"HealthcheckAgent": {"executed_lines": [], "summary": {"covered_lines": 0, "num_statements": 84, "percent_covered": 0.0, "percent_covered_display": "0", "missing_lines": 84, "excluded_lines": 0}, "missing_lines": [21, 22, 23, 26, 27, 31, 32, 33, 37, 38, 39, 40, 41, 42, 43, 44, 48, 49, 50, 51, 53, 54, 55, 56, 58, 59, 60, 63, 64, 65, 66, 67, 70, 73, 74, 76, 77, 78, 79, 80, 84, 85, 95, 98, 99, 100, 101, 102, 103, 106, 107, 108, 114, 115, 116, 119, 120, 121, 124, 125, 126, 128, 132, 133, 134, 135, 136, 137, 138, 139, 140, 141, 145, 149, 150, 151, 152, 153, 154, 158, 159, 161, 175, 178], "excluded_lines": []}, "": {"executed_lines": [1, 2, 3, 4, 5, 7, 10, 11, 13, 20, 29, 35, 46, 82, 93, 130, 143, 156, 177], "summary": {"covered_lines": 18, "num_statements": 18, "percent_covered": 100.0, "percent_covered_display": "100", "missing_lines": 0, "excluded_lines": 0}, "missing_lines": [], "excluded_lines": []}}}, "legion/agents/python/metrics.py": {"executed_lines": [1, 8, 9, 10, 11, 12, 14, 15, 16, 17, 19, 21, 24, 25, 27, 37, 46, 52, 57, 94, 105, 113, 118, 123, 128, 169, 176, 191, 194, 205, 218, 222, 226, 230, 234, 238, 242, 248, 254, 260, 266, 272, 278, 284, 290, 296, 302, 308, 314, 320, 326], "summary": {"covered_lines": 47, "num_statements": 172, "percent_covered": 27.325581395348838, "percent_covered_display": "27", "missing_lines": 125, "excluded_lines": 2}, "missing_lines": [29, 31, 32, 33, 34, 35, 38, 39, 40, 41, 42, 43, 44, 48, 49, 50, 53, 54, 55, 59, 61, 62, 63, 64, 65, 67, 68, 71, 72, 73, 74, 75, 77, 78, 81, 82, 83, 84, 85, 86, 87, 88, 89, 90, 92, 96, 97, 98, 99, 100, 101, 102, 103, 107, 116, 121, 126, 130, 131, 132, 133, 134, 135, 136, 137, 139, 140, 141, 142, 143, 145, 146, 147, 150, 151, 160, 162, 163, 164, 165, 166, 167, 170, 178, 186, 187, 192, 195, 196, 197, 198, 199, 200, 201, 202, 203, 206, 207, 208, 209, 210, 211, 215, 216, 220, 224, 228, 232, 236, 240, 246, 252, 258, 264, 270, 276, 282, 288, 294, 300, 306, 312, 318, 324, 330], "excluded_lines": [16, 17], "functions": {"MetricsAgent.__init__": {"executed_lines": [], "summary": {"covered_lines": 0, "num_statements": 6, "percent_covered": 0.0, "percent_covered_display": "0", "missing_lines": 6, "excluded_lines": 0}, "missing_lines": [29, 31, 32, 33, 34, 35], "excluded_lines": []}, "MetricsAgent._get_redis": {"executed_lines": [], "summary": {"covered_lines": 0, "num_statements": 7, "percent_covered": 0.0, "percent_covered_display": "0", "missing_lines": 7, "excluded_lines": 0}, "missing_lines": [38, 39, 40, 41, 42, 43, 44], "excluded_lines": []}, "MetricsAgent.setup": {"executed_lines": [], "summary": {"covered_lines": 0, "num_statements": 3, "percent_covered": 0.0, "percent_covered_display": "0", "missing_lines": 3, "excluded_lines": 0}, "missing_lines": [48, 49, 50], "excluded_lines": []}, "MetricsAgent._heartbeat": {"executed_lines": [], "summary": {"covered_lines": 0, "num_statements": 3, "percent_covered": 0.0, "percent_covered_display": "0", "missing_lines": 3, "excluded_lines": 0}, "missing_lines": [53, 54, 55], "excluded_lines": []}, "MetricsAgent.collect_stats": {"executed_lines": [], "summary": {"covered_lines": 0, "num_statements": 26, "percent_covered": 0.0, "percent_covered_display": "0", "missing_lines": 26, "excluded_lines": 0}, "missing_lines": [59, 61, 62, 63, 64, 65, 67, 68, 71, 72, 73, 74, 75, 77, 78, 81, 82, 83, 84, 85, 86, 87, 88, 89, 90, 92], "excluded_lines": []}, "MetricsAgent.push_to_redis": {"executed_lines": [], "summary": {"covered_lines": 0, "num_statements": 8, "percent_covered": 0.0, "percent_covered_display": "0", "missing_lines": 8, "excluded_lines": 0}, "missing_lines": [96, 97, 98, 99, 100, 101, 102, 103], "excluded_lines": []}, "MetricsAgent._default_prompt": {"executed_lines": [], "summary": {"covered_lines": 0, "num_statements": 1, "percent_covered": 0.0, "percent_covered_display": "0", "missing_lines": 1, "excluded_lines": 0}, "missing_lines": [107], "excluded_lines": []}, "MetricsAgent.collect_metrics": {"executed_lines": [], "summary": {"covered_lines": 0, "num_statements": 1, "percent_covered": 0.0, "percent_covered_display": "0", "missing_lines": 1, "excluded_lines": 0}, "missing_lines": [116], "excluded_lines": []}, "MetricsAgent.analyze_metrics": {"executed_lines": [], "summary": {"covered_lines": 0, "num_statements": 1, "percent_covered": 0.0, "percent_covered_display": "0", "missing_lines": 1, "excluded_lines": 0}, "missing_lines": [121], "excluded_lines": []}, "MetricsAgent.report_metrics": {"executed_lines": [], "summary": {"covered_lines": 0, "num_statements": 1, "percent_covered": 0.0, "percent_covered_display": "0", "missing_lines": 1, "excluded_lines": 0}, "missing_lines": [126], "excluded_lines": []}, "MetricsAgent.report": {"executed_lines": [], "summary": {"covered_lines": 0, "num_statements": 25, "percent_covered": 0.0, "percent_covered_display": "0", "missing_lines": 25, "excluded_lines": 0}, "missing_lines": [130, 131, 132, 133, 134, 135, 136, 137, 139, 140, 141, 142, 143, 145, 146, 147, 150, 151, 160, 162, 163, 164, 165, 166, 167], "excluded_lines": []}, "MetricsAgent.handle_report": {"executed_lines": [], "summary": {"covered_lines": 0, "num_statements": 1, "percent_covered": 0.0, "percent_covered_display": "0", "missing_lines": 1, "excluded_lines": 0}, "missing_lines": [170], "excluded_lines": []}, "MetricsAgent.get_agent_channels": {"executed_lines": [], "summary": {"covered_lines": 0, "num_statements": 3, "percent_covered": 0.0, "percent_covered_display": "0", "missing_lines": 3, "excluded_lines": 0}, "missing_lines": [178, 186, 187], "excluded_lines": []}, "MetricsAgent.set_log_paths": {"executed_lines": [], "summary": {"covered_lines": 0, "num_statements": 1, "percent_covered": 0.0, "percent_covered_display": "0", "missing_lines": 1, "excluded_lines": 0}, "missing_lines": [192], "excluded_lines": []}, "MetricsAgent.read_logs": {"executed_lines": [], "summary": {"covered_lines": 0, "num_statements": 9, "percent_covered": 0.0, "percent_covered_display": "0", "missing_lines": 9, "excluded_lines": 0}, "missing_lines": [195, 196, 197, 198, 199, 200, 201, 202, 203], "excluded_lines": []}, "MetricsAgent.compose_summary": {"executed_lines": [], "summary": {"covered_lines": 0, "num_statements": 8, "percent_covered": 0.0, "percent_covered_display": "0", "missing_lines": 8, "excluded_lines": 0}, "missing_lines": [206, 207, 208, 209, 210, 211, 215, 216], "excluded_lines": []}, "MetricsAgent.analyze_feedback": {"executed_lines": [], "summary": {"covered_lines": 0, "num_statements": 1, "percent_covered": 0.0, "percent_covered_display": "0", "missing_lines": 1, "excluded_lines": 0}, "missing_lines": [220], "excluded_lines": []}, "MetricsAgent.retrieve_memories": {"executed_lines": [], "summary": {"covered_lines": 0, "num_statements": 1, "percent_covered": 0.0, "percent_covered_display": "0", "missing_lines": 1, "excluded_lines": 0}, "missing_lines": [224], "excluded_lines": []}, "MetricsAgent.retrieve_feedback": {"executed_lines": [], "summary": {"covered_lines": 0, "num_statements": 1, "percent_covered": 0.0, "percent_covered_display": "0", "missing_lines": 1, "excluded_lines": 0}, "missing_lines": [228], "excluded_lines": []}, "MetricsAgent.analyze_feedback_and_retrieve_memories": {"executed_lines": [], "summary": {"covered_lines": 0, "num_statements": 1, "percent_covered": 0.0, "percent_covered_display": "0", "missing_lines": 1, "excluded_lines": 0}, "missing_lines": [232], "excluded_lines": []}, "MetricsAgent.analyze_feedback_and_retrieve_memories_and_report": {"executed_lines": [], "summary": {"covered_lines": 0, "num_statements": 1, "percent_covered": 0.0, "percent_covered_display": "0", "missing_lines": 1, "excluded_lines": 0}, "missing_lines": [236], "excluded_lines": []}, "MetricsAgent.analyze_feedback_and_retrieve_memories_and_report_and_post": {"executed_lines": [], "summary": {"covered_lines": 0, "num_statements": 1, "percent_covered": 0.0, "percent_covered_display": "0", "missing_lines": 1, "excluded_lines": 0}, "missing_lines": [240], "excluded_lines": []}, "MetricsAgent.analyze_feedback_and_retrieve_memories_and_report_and_post_and_handle_report": {"executed_lines": [], "summary": {"covered_lines": 0, "num_statements": 1, "percent_covered": 0.0, "percent_covered_display": "0", "missing_lines": 1, "excluded_lines": 0}, "missing_lines": [246], "excluded_lines": []}, "MetricsAgent.analyze_feedback_and_retrieve_memories_and_report_and_post_and_handle_report_and_post_to_discord": {"executed_lines": [], "summary": {"covered_lines": 0, "num_statements": 1, "percent_covered": 0.0, "percent_covered_display": "0", "missing_lines": 1, "excluded_lines": 0}, "missing_lines": [252], "excluded_lines": []}, "MetricsAgent.analyze_feedback_and_retrieve_memories_and_report_and_post_and_handle_report_and_post_to_discord_and_handle_report": {"executed_lines": [], "summary": {"covered_lines": 0, "num_statements": 1, "percent_covered": 0.0, "percent_covered_display": "0", "missing_lines": 1, "excluded_lines": 0}, "missing_lines": [258], "excluded_lines": []}, "MetricsAgent.analyze_feedback_and_retrieve_memories_and_report_and_post_and_handle_report_and_post_to_discord_and_handle_report_and_post_to_discord": {"executed_lines": [], "summary": {"covered_lines": 0, "num_statements": 1, "percent_covered": 0.0, "percent_covered_display": "0", "missing_lines": 1, "excluded_lines": 0}, "missing_lines": [264], "excluded_lines": []}, "MetricsAgent.analyze_feedback_and_retrieve_memories_and_report_and_post_and_handle_report_and_post_to_discord_and_handle_report_and_post_to_discord_and_handle_report": {"executed_lines": [], "summary": {"covered_lines": 0, "num_statements": 1, "percent_covered": 0.0, "percent_covered_display": "0", "missing_lines": 1, "excluded_lines": 0}, "missing_lines": [270], "excluded_lines": []}, "MetricsAgent.analyze_feedback_and_retrieve_memories_and_report_and_post_and_handle_report_and_post_to_discord_and_handle_report_and_post_to_discord_and_handle_report_and_post_to_discord": {"executed_lines": [], "summary": {"covered_lines": 0, "num_statements": 1, "percent_covered": 0.0, "percent_covered_display": "0", "missing_lines": 1, "excluded_lines": 0}, "missing_lines": [276], "excluded_lines": []}, "MetricsAgent.analyze_feedback_and_retrieve_memories_and_report_and_post_and_handle_report_and_post_to_discord_and_handle_report_and_post_to_discord_and_handle_report_and_post_to_discord_and_handle_report": {"executed_lines": [], "summary": {"covered_lines": 0, "num_statements": 1, "percent_covered": 0.0, "percent_covered_display": "0", "missing_lines": 1, "excluded_lines": 0}, "missing_lines": [282], "excluded_lines": []}, "MetricsAgent.analyze_feedback_and_retrieve_memories_and_report_and_post_and_handle_report_and_post_to_discord_and_handle_report_and_post_to_discord_and_handle_report_and_post_to_discord_and_handle_report_and_post_to_discord": {"executed_lines": [], "summary": {"covered_lines": 0, "num_statements": 1, "percent_covered": 0.0, "percent_covered_display": "0", "missing_lines": 1, "excluded_lines": 0}, "missing_lines": [288], "excluded_lines": []}, "MetricsAgent.analyze_feedback_and_retrieve_memories_and_report_and_post_and_handle_report_and_post_to_discord_and_handle_report_and_post_to_discord_and_handle_report_and_post_to_discord_and_handle_report_and_post_to_discord_and_handle_report": {"executed_lines": [], "summary": {"covered_lines": 0, "num_statements": 1, "percent_covered": 0.0, "percent_covered_display": "0", "missing_lines": 1, "excluded_lines": 0}, "missing_lines": [294], "excluded_lines": []}, "MetricsAgent.analyze_feedback_and_retrieve_memories_and_report_and_post_and_handle_report_and_post_to_discord_and_handle_report_and_post_to_discord_and_handle_report_and_post_to_discord_and_handle_report_and_post_to_discord_and_handle_report_and_post_to_discord": {"executed_lines": [], "summary": {"covered_lines": 0, "num_statements": 1, "percent_covered": 0.0, "percent_covered_display": "0", "missing_lines": 1, "excluded_lines": 0}, "missing_lines": [300], "excluded_lines": []}, "MetricsAgent.analyze_feedback_and_retrieve_memories_and_report_and_post_and_handle_report_and_post_to_discord_and_handle_report_and_post_to_discord_and_handle_report_and_post_to_discord_and_handle_report_and_post_to_discord_and_handle_report_and_post_to_discord_and_handle_report": {"executed_lines": [], "summary": {"covered_lines": 0, "num_statements": 1, "percent_covered": 0.0, "percent_covered_display": "0", "missing_lines": 1, "excluded_lines": 0}, "missing_lines": [306], "excluded_lines": []}, "MetricsAgent.analyze_feedback_and_retrieve_memories_and_report_and_post_and_handle_report_and_post_to_discord_and_handle_report_and_post_to_discord_and_handle_report_and_post_to_discord_and_handle_report_and_post_to_discord_and_handle_report_and_post_to_discord_and_handle_report_and_post_to_discord": {"executed_lines": [], "summary": {"covered_lines": 0, "num_statements": 1, "percent_covered": 0.0, "percent_covered_display": "0", "missing_lines": 1, "excluded_lines": 0}, "missing_lines": [312], "excluded_lines": []}, "MetricsAgent.analyze_feedback_and_retrieve_memories_and_report_and_post_and_handle_report_and_post_to_discord_and_handle_report_and_post_to_discord_and_handle_report_and_post_to_discord_and_handle_report_and_post_to_discord_and_handle_report_and_post_to_discord_and_handle_report_and_post_to_discord_and_handle_report": {"executed_lines": [], "summary": {"covered_lines": 0, "num_statements": 1, "percent_covered": 0.0, "percent_covered_display": "0", "missing_lines": 1, "excluded_lines": 0}, "missing_lines": [330], "excluded_lines": []}, "MetricsAgent.analyze_feedback_and_retrieve_memories_and_report_and_post_and_handle_report_and_post_to_discord_and_handle_report_and_post_to_discord_and_handle_report_and_post_to_discord_and_handle_report_and_post_to_discord_and_handle_report_and_post_to_discord_and_handle_report_and_post_to_discord_and_handle_report_and_post_to_discord": {"executed_lines": [], "summary": {"covered_lines": 0, "num_statements": 1, "percent_covered": 0.0, "percent_covered_display": "0", "missing_lines": 1, "excluded_lines": 0}, "missing_lines": [324], "excluded_lines": []}, "": {"executed_lines": [1, 8, 9, 10, 11, 12, 14, 15, 16, 17, 19, 21, 24, 25, 27, 37, 46, 52, 57, 94, 105, 113, 118, 123, 128, 169, 176, 191, 194, 205, 218, 222, 226, 230, 234, 238, 242, 248, 254, 260, 266, 272, 278, 284, 290, 296, 302, 308, 314, 320, 326], "summary": {"covered_lines": 47, "num_statements": 47, "percent_covered": 100.0, "percent_covered_display": "100", "missing_lines": 0, "excluded_lines": 2}, "missing_lines": [], "excluded_lines": [16, 17]}}, "classes": {"MetricsAgent": {"executed_lines": [], "summary": {"covered_lines": 0, "num_statements": 125, "percent_covered": 0.0, "percent_covered_display": "0", "missing_lines": 125, "excluded_lines": 0}, "missing_lines": [29, 31, 32, 33, 34, 35, 38, 39, 40, 41, 42, 43, 44, 48, 49, 50, 53, 54, 55, 59, 61, 62, 63, 64, 65, 67, 68, 71, 72, 73, 74, 75, 77, 78, 81, 82, 83, 84, 85, 86, 87, 88, 89, 90, 92, 96, 97, 98, 99, 100, 101, 102, 103, 107, 116, 121, 126, 130, 131, 132, 133, 134, 135, 136, 137, 139, 140, 141, 142, 143, 145, 146, 147, 150, 151, 160, 162, 163, 164, 165, 166, 167, 170, 178, 186, 187, 192, 195, 196, 197, 198, 199, 200, 201, 202, 203, 206, 207, 208, 209, 210, 211, 215, 216, 220, 224, 228, 232, 236, 240, 246, 252, 258, 264, 270, 276, 282, 288, 294, 300, 306, 312, 318, 324, 330], "excluded_lines": []}, "": {"executed_lines": [1, 8, 9, 10, 11, 12, 14, 15, 16, 17, 19, 21, 24, 25, 27, 37, 46, 52, 57, 94, 105, 113, 118, 123, 128, 169, 176, 191, 194, 205, 218, 222, 226, 230, 234, 238, 242, 248, 254, 260, 266, 272, 278, 284, 290, 296, 302, 308, 314, 320, 326], "summary": {"covered_lines": 47, "num_statements": 47, "percent_covered": 100.0, "percent_covered_display": "100", "missing_lines": 0, "excluded_lines": 2}, "missing_lines": [], "excluded_lines": [16, 17]}}}, "legion/agents/python/ping.py": {"executed_lines": [1, 4, 5, 7, 11, 16], "summary": {"covered_lines": 5, "num_statements": 7, "percent_covered": 71.42857142857143, "percent_covered_display": "71", "missing_lines": 2, "excluded_lines": 0}, "missing_lines": [12, 17], "excluded_lines": [], "functions": {"PingAgent.__init__": {"executed_lines": [], "summary": {"covered_lines": 0, "num_statements": 1, "percent_covered": 0.0, "percent_covered_display": "0", "missing_lines": 1, "excluded_lines": 0}, "missing_lines": [12], "excluded_lines": []}, "PingAgent.handle_ping": {"executed_lines": [], "summary": {"covered_lines": 0, "num_statements": 1, "percent_covered": 0.0, "percent_covered_display": "0", "missing_lines": 1, "excluded_lines": 0}, "missing_lines": [17], "excluded_lines": []}, "": {"executed_lines": [1, 4, 5, 7, 11, 16], "summary": {"covered_lines": 5, "num_statements": 5, "percent_covered": 100.0, "percent_covered_display": "100", "missing_lines": 0, "excluded_lines": 0}, "missing_lines": [], "excluded_lines": []}}, "classes": {"PingAgent": {"executed_lines": [], "summary": {"covered_lines": 0, "num_statements": 2, "percent_covered": 0.0, "percent_covered_display": "0", "missing_lines": 2, "excluded_lines": 0}, "missing_lines": [12, 17], "excluded_lines": []}, "": {"executed_lines": [1, 4, 5, 7, 11, 16], "summary": {"covered_lines": 5, "num_statements": 5, "percent_covered": 100.0, "percent_covered_display": "100", "missing_lines": 0, "excluded_lines": 0}, "missing_lines": [], "excluded_lines": []}}}, "legion/agents/python/researcher.py": {"executed_lines": [1, 2, 4, 5, 6, 7, 9, 10, 11, 12, 14, 16, 17, 18, 21, 22, 24, 28, 50, 53, 71, 75], "summary": {"covered_lines": 19, "num_statements": 55, "percent_covered": 34.54545454545455, "percent_covered_display": "35", "missing_lines": 36, "excluded_lines": 10}, "missing_lines": [25, 26, 30, 31, 32, 33, 34, 35, 36, 37, 38, 39, 40, 41, 44, 45, 46, 51, 55, 56, 57, 58, 59, 60, 63, 64, 65, 66, 69, 73, 77, 78, 79, 80, 81, 82], "excluded_lines": [11, 12, 42, 43, 47, 48, 61, 62, 67, 68], "functions": {"ResearcherAgent.__init__": {"executed_lines": [], "summary": {"covered_lines": 0, "num_statements": 2, "percent_covered": 0.0, "percent_covered_display": "0", "missing_lines": 2, "excluded_lines": 0}, "missing_lines": [25, 26], "excluded_lines": []}, "ResearcherAgent.setup": {"executed_lines": [], "summary": {"covered_lines": 0, "num_statements": 15, "percent_covered": 0.0, "percent_covered_display": "0", "missing_lines": 15, "excluded_lines": 4}, "missing_lines": [30, 31, 32, 33, 34, 35, 36, 37, 38, 39, 40, 41, 44, 45, 46], "excluded_lines": [42, 43, 47, 48]}, "ResearcherAgent._cache_key": {"executed_lines": [], "summary": {"covered_lines": 0, "num_statements": 1, "percent_covered": 0.0, "percent_covered_display": "0", "missing_lines": 1, "excluded_lines": 0}, "missing_lines": [51], "excluded_lines": []}, "ResearcherAgent.conduct_resea
[...]
", "missing_lines": 9, "excluded_lines": 0}, "missing_lines": [1, 2, 3, 6, 12, 13, 14, 15, 16], "excluded_lines": [], "functions": {"post_agent_feed": {"executed_lines": [], "summary": {"covered_lines": 0, "num_statements": 5, "percent_covered": 0.0, "percent_covered_display": "0", "missing_lines": 5, "excluded_lines": 0}, "missing_lines": [12, 13, 14, 15, 16], "excluded_lines": []}, "": {"executed_lines": [], "summary": {"covered_lines": 0, "num_statements": 4, "percent_covered": 0.0, "percent_covered_display": "0", "missing_lines": 4, "excluded_lines": 0}, "missing_lines": [1, 2, 3, 6], "excluded_lines": []}}, "classes": {"": {"executed_lines": [], "summary": {"covered_lines": 0, "num_statements": 9, "percent_covered": 0.0, "percent_covered_display": "0", "missing_lines": 9, "excluded_lines": 0}, "missing_lines": [1, 2, 3, 6, 12, 13, 14, 15, 16], "excluded_lines": []}}}, "legion/utils/discord_bridge.py": {"executed_lines": [1, 8, 9, 10, 11, 13, 14, 16, 18, 21, 22, 24, 36, 51, 100, 144, 147, 156, 162, 168, 181, 228], "summary": {"covered_lines": 20, "num_statements": 113, "percent_covered": 17.699115044247787, "percent_covered_display": "18", "missing_lines": 93, "excluded_lines": 0}, "missing_lines": [31, 32, 33, 34, 46, 71, 73, 74, 75, 76, 77, 78, 80, 81, 82, 83, 84, 85, 86, 87, 88, 90, 91, 93, 94, 95, 96, 97, 98, 110, 111, 112, 113, 114, 115, 117, 118, 119, 120, 122, 123, 126, 127, 128, 129, 130, 132, 133, 135, 136, 137, 138, 139, 140, 150, 151, 152, 158, 159, 164, 165, 176, 177, 190, 191, 193, 196, 197, 198, 199, 200, 201, 203, 204, 205, 206, 207, 208, 209, 210, 213, 214, 216, 217, 218, 219, 222, 224, 229, 231, 234, 241, 248], "excluded_lines": [], "functions": {"DiscordBridge.__init__": {"executed_lines": [], "summary": {"covered_lines": 0, "num_statements": 4, "percent_covered": 0.0, "percent_covered_display": "0", "missing_lines": 4, "excluded_lines": 0}, "missing_lines": [31, 32, 33, 34], "excluded_lines": []}, "DiscordBridge.send_message": {"executed_lines": [], "summary": {"covered_lines": 0, "num_statements": 1, "percent_covered": 0.0, "percent_covered_display": "0", "missing_lines": 1, "excluded_lines": 0}, "missing_lines": [46], "excluded_lines": []}, "DiscordBridge.send_embed": {"executed_lines": [], "summary": {"covered_lines": 0, "num_statements": 12, "percent_covered": 0.0, "percent_covered_display": "0", "missing_lines": 12, "excluded_lines": 0}, "missing_lines": [71, 73, 74, 80, 90, 91, 93, 94, 95, 96, 97, 98], "excluded_lines": []}, "DiscordBridge.send_embed.EmbedBot.__init__": {"executed_lines": [], "summary": {"covered_lines": 0, "num_statements": 4, "percent_covered": 0.0, "percent_covered_display": "0", "missing_lines": 4, "excluded_lines": 0}, "missing_lines": [75, 76, 77, 78], "excluded_lines": []}, "DiscordBridge.send_embed.EmbedBot.on_ready": {"executed_lines": [], "summary": {"covered_lines": 0, "num_statements": 8, "percent_covered": 0.0, "percent_covered_display": "0", "missing_lines": 8, "excluded_lines": 0}, "missing_lines": [81, 82, 83, 84, 85, 86, 87, 88], "excluded_lines": []}, "DiscordBridge.send_action": {"executed_lines": [], "summary": {"covered_lines": 0, "num_statements": 11, "percent_covered": 0.0, "percent_covered_display": "0", "missing_lines": 11, "excluded_lines": 0}, "missing_lines": [110, 111, 117, 132, 133, 135, 136, 137, 138, 139, 140], "excluded_lines": []}, "DiscordBridge.send_action.ActionBot.__init__": {"executed_lines": [], "summary": {"covered_lines": 0, "num_statements": 4, "percent_covered": 0.0, "percent_covered_display": "0", "missing_lines": 4, "excluded_lines": 0}, "missing_lines": [112, 113, 114, 115], "excluded_lines": []}, "DiscordBridge.send_action.ActionBot.on_ready": {"executed_lines": [], "summary": {"covered_lines": 0, "num_statements": 10, "percent_covered": 0.0, "percent_covered_display": "0", "missing_lines": 10, "excluded_lines": 0}, "missing_lines": [118, 119, 120, 122, 123, 126, 127, 128, 129, 130], "excluded_lines": []}, "get_discord_bridge": {"executed_lines": [], "summary": {"covered_lines": 0, "num_statements": 3, "percent_covered": 0.0, "percent_covered_display": "0", "missing_lines": 3, "excluded_lines": 0}, "missing_lines": [150, 151, 152], "excluded_lines": []}, "send_discord_message": {"executed_lines": [], "summary": {"covered_lines": 0, "num_statements": 2, "percent_covered": 0.0, "percent_covered_display": "0", "missing_lines": 2, "excluded_lines": 0}, "missing_lines": [158, 159], "excluded_lines": []}, "send_discord_action": {"executed_lines": [], "summary": {"covered_lines": 0, "num_statements": 2, "percent_covered": 0.0, "percent_covered_display": "0", "missing_lines": 2, "excluded_lines": 0}, "missing_lines": [164, 165], "excluded_lines": []}, "send_discord_embed": {"executed_lines": [], "summary": {"covered_lines": 0, "num_statements": 2, "percent_covered": 0.0, "percent_covered_display": "0", "missing_lines": 2, "excluded_lines": 0}, "missing_lines": [176, 177], "excluded_lines": []}, "create_orchestrator_callback": {"executed_lines": [], "summary": {"covered_lines": 0, "num_statements": 4, "percent_covered": 0.0, "percent_covered_display": "0", "missing_lines": 4, "excluded_lines": 0}, "missing_lines": [190, 191, 193, 224], "excluded_lines": []}, "create_orchestrator_callback.post_agent_message": {"executed_lines": [], "summary": {"covered_lines": 0, "num_statements": 11, "percent_covered": 0.0, "percent_covered_display": "0", "missing_lines": 11, "excluded_lines": 0}, "missing_lines": [196, 197, 198, 203, 213, 214, 216, 217, 218, 219, 222], "excluded_lines": []}, "create_orchestrator_callback.post_agent_message.EmbedBot.__init__": {"executed_lines": [], "summary": {"covered_lines": 0, "num_statements": 3, "percent_covered": 0.0, "percent_covered_display": "0", "missing_lines": 3, "excluded_lines": 0}, "missing_lines": [199, 200, 201], "excluded_lines": []}, "create_orchestrator_callback.post_agent_message.EmbedBot.on_ready": {"executed_lines": [], "summary": {"covered_lines": 0, "num_statements": 7, "percent_covered": 0.0, "percent_covered_display": "0", "missing_lines": 7, "excluded_lines": 0}, "missing_lines": [204, 205, 206, 207, 208, 209, 210], "excluded_lines": []}, "test": {"executed_lines": [], "summary": {"covered_lines": 0, "num_statements": 3, "percent_covered": 0.0, "percent_covered_display": "0", "missing_lines": 3, "excluded_lines": 0}, "missing_lines": [231, 234, 241], "excluded_lines": []}, "": {"executed_lines": [1, 8, 9, 10, 11, 13, 14, 16, 18, 21, 22, 24, 36, 51, 100, 144, 147, 156, 162, 168, 181, 228], "summary": {"covered_lines": 20, "num_statements": 22, "percent_covered": 90.9090909090909, "percent_covered_display": "91", "missing_lines": 2, "excluded_lines": 0}, "missing_lines": [229, 248], "excluded_lines": []}}, "classes": {"DiscordBridge": {"executed_lines": [], "summary": {"covered_lines": 0, "num_statements": 28, "percent_covered": 0.0, "percent_covered_display": "0", "missing_lines": 28, "excluded_lines": 0}, "missing_lines": [31, 32, 33, 34, 46, 71, 73, 74, 80, 90, 91, 93, 94, 95, 96, 97, 98, 110, 111, 117, 132, 133, 135, 136, 137, 138, 139, 140], "excluded_lines": []}, "DiscordBridge.send_embed.EmbedBot": {"executed_lines": [], "summary": {"covered_lines": 0, "num_statements": 12, "percent_covered": 0.0, "percent_covered_display": "0", "missing_lines": 12, "excluded_lines": 0}, "missing_lines": [75, 76, 77, 78, 81, 82, 83, 84, 85, 86, 87, 88], "excluded_lines": []}, "DiscordBridge.send_action.ActionBot": {"executed_lines": [], "summary": {"covered_lines": 0, "num_statements": 14, "percent_covered": 0.0, "percent_covered_display": "0", "missing_lines": 14, "excluded_lines": 0}, "missing_lines": [112, 113, 114, 115, 118, 119, 120, 122, 123, 126, 127, 128, 129, 130], "excluded_lines": []}, "create_orchestrator_callback.post_agent_message.EmbedBot": {"executed_lines": [], "summary": {"covered_lines": 0, "num_statements": 10, "percent_covered": 0.0, "percent_covered_display": "0", "missing_lines": 10, "excluded_lines": 0}, "missing_lines": [199, 200, 201, 204, 205, 206, 207, 208, 209, 210], "excluded_lines": []}, "": {"executed_lines": [1, 8, 9, 10, 11, 13, 14, 16, 18, 21, 22, 24, 36, 51, 100, 144, 147, 156, 162, 168, 181, 228], "summary": {"covered_lines": 20, "num_statements": 49, "percent_covered": 40.816326530612244, "percent_covered_display": "41", "missing_lines": 29, "excluded_lines": 0}, "missing_lines": [150, 151, 152, 158, 159, 164, 165, 176, 177, 190, 191, 193, 196, 197, 198, 203, 213, 214, 216, 217, 218, 219, 222, 224, 229, 231, 234, 241, 248], "excluded_lines": []}}}, "legion/utils/http_client.py": {"executed_lines": [], "summary": {"covered_lines": 0, "num_statements": 38, "percent_covered": 0.0, "percent_covered_display": "0", "missing_lines": 38, "excluded_lines": 0}, "missing_lines": [3, 4, 6, 9, 10, 13, 14, 15, 16, 17, 20, 21, 23, 24, 25, 26, 27, 28, 29, 32, 33, 34, 35, 36, 37, 39, 40, 41, 42, 43, 44, 45, 46, 47, 48, 49, 50, 51], "excluded_lines": [], "functions": {"HTTPClient.__init__": {"executed_lines": [], "summary": {"covered_lines": 0, "num_statements": 7, "percent_covered": 0.0, "percent_covered_display": "0", "missing_lines": 7, "excluded_lines": 0}, "missing_lines": [13, 14, 15, 16, 17, 20, 21], "excluded_lines": []}, "HTTPClient.post": {"executed_lines": [], "summary": {"covered_lines": 0, "num_statements": 12, "percent_covered": 0.0, "percent_covered_display": "0", "missing_lines": 12, "excluded_lines": 0}, "missing_lines": [24, 25, 26, 27, 28, 29, 32, 33, 34, 35, 36, 37], "excluded_lines": []}, "HTTPClient.get": {"executed_lines": [], "summary": {"covered_lines": 0, "num_statements": 12, "percent_covered": 0.0, "percent_covered_display": "0", "missing_lines": 12, "excluded_lines": 0}, "missing_lines": [40, 41, 42, 43, 44, 45, 46, 47, 48, 49, 50, 51], "excluded_lines": []}, "": {"executed_lines": [], "summary": {"covered_lines": 0, "num_statements": 7, "percent_covered": 0.0, "percent_covered_display": "0", "missing_lines": 7, "excluded_lines": 0}, "missing_lines": [3, 4, 6, 9, 10, 23, 39], "excluded_lines": []}}, "classes": {"HTTPClient": {"executed_lines": [], "summary": {"covered_lines": 0, "num_statements": 31, "percent_covered": 0.0, "percent_covered_display": "0", "missing_lines": 31, "excluded_lines": 0}, "missing_lines": [13, 14, 15, 16, 17, 20, 21, 24, 25, 26, 27, 28, 29, 32, 33, 34, 35, 36, 37, 40, 41, 42, 43, 44, 45, 46, 47, 48, 49, 50, 51], "excluded_lines": []}, "": {"executed_lines": [], "summary": {"covered_lines": 0, "num_statements": 7, "percent_covered": 0.0, "percent_covered_display": "0", "missing_lines": 7, "excluded_lines": 0}, "missing_lines": [3, 4, 6, 9, 10, 23, 39], "excluded_lines": []}}}, "legion/utils/logging.py": {"executed_lines": [], "summary": {"covered_lines": 0, "num_statements": 77, "percent_covered": 0.0, "percent_covered_display": "0", "missing_lines": 77, "excluded_lines": 0}, "missing_lines": [1, 2, 3, 4, 5, 6, 7, 10, 15, 16, 27, 28, 29, 30, 34, 35, 61, 63, 66, 80, 83, 86, 87, 90, 91, 94, 97, 98, 100, 101, 102, 104, 105, 106, 107, 109, 111, 115, 116, 117, 118, 121, 122, 123, 124, 127, 128, 133, 134, 137, 138, 142, 144, 148, 149, 150, 157, 168, 172, 174, 175, 177, 178, 179, 180, 183, 185, 186, 187, 190, 191, 194, 205, 210, 212, 213, 216], "excluded_lines": [], "functions": {"JsonFormatter.format": {"executed_lines": [], "summary": {"covered_lines": 0, "num_statements": 9, "percent_covered": 0.0, "percent_covered_display": "0", "missing_lines": 9, "excluded_lines": 0}, "missing_lines": [16, 27, 28, 29, 30, 34, 35, 61, 63], "excluded_lines": []}, "setup_legion_logging": {"executed_lines": [], "summary": {"covered_lines": 0, "num_statements": 37, "percent_covered": 0.0, "percent_covered_display": "0", "missing_lines": 37, "excluded_lines": 0}, "missing_lines": [80, 83, 86, 87, 90, 91, 94, 97, 98, 100, 101, 102, 104, 105, 106, 107, 109, 111, 115, 116, 117, 118, 121, 122, 123, 124, 127, 128, 133, 134, 137, 144, 148, 149, 150, 157, 168], "excluded_lines": []}, "setup_legion_logging.log_uncaught_exception": {"executed_lines": [], "summary": {"covered_lines": 0, "num_statements": 2, "percent_covered": 0.0, "percent_covered_display": "0", "missing_lines": 2, "excluded_lines": 0}, "missing_lines": [138, 142], "excluded_lines": []}, "_test_logging": {"executed_lines": [], "summary": {"covered_lines": 0, "num_statements": 14, "percent_covered": 0.0, "percent_covered_display": "0", "missing_lines": 14, "excluded_lines": 0}, "missing_lines": [174, 175, 177, 178, 179, 180, 183, 185, 186, 187, 190, 191, 194, 205], "excluded_lines": []}, "": {"executed_lines": [], "summary": {"covered_lines": 0, "num_statements": 15, "percent_covered": 0.0, "percent_covered_display": "0", "missing_lines": 15, "excluded_lines": 0}, "missing_lines": [1, 2, 3, 4, 5, 6, 7, 10, 15, 66, 172, 210, 212, 213, 216], "excluded_lines": []}}, "classes": {"JsonFormatter": {"executed_lines": [], "summary": {"covered_lines": 0, "num_statements": 9, "percent_covered": 0.0, "percent_covered_display": "0", "missing_lines": 9, "excluded_lines": 0}, "missing_lines": [16, 27, 28, 29, 30, 34, 35, 61, 63], "excluded_lines": []}, "": {"executed_lines": [], "summary": {"covered_lines": 0, "num_statements": 68, "percent_covered": 0.0, "percent_covered_display": "0", "missing_lines": 68, "excluded_lines": 0}, "missing_lines": [1, 2, 3, 4, 5, 6, 7, 10, 15, 66, 80, 83, 86, 87, 90, 91, 94, 97, 98, 100, 101, 102, 104, 105, 106, 107, 109, 111, 115, 116, 117, 118, 121, 122, 123, 124, 127, 128, 133, 134, 137, 138, 142, 144, 148, 149, 150, 157, 168, 172, 174, 175, 177, 178, 179, 180, 183, 185, 186, 187, 190, 191, 194, 205, 210, 212, 213, 216], "excluded_lines": []}}}, "legion/utils/port_conflict_checker.py": {"executed_lines": [1, 2, 3, 4, 7, 8, 11, 18, 36], "summary": {"covered_lines": 9, "num_statements": 36, "percent_covered": 25.0, "percent_covered_display": "25", "missing_lines": 27, "excluded_lines": 0}, "missing_lines": [29, 30, 32, 33, 49, 50, 53, 55, 56, 57, 58, 59, 61, 62, 63, 66, 68, 69, 70, 71, 72, 73, 74, 75, 77, 78, 79], "excluded_lines": [], "functions": {"validate_port_range": {"executed_lines": [], "summary": {"covered_lines": 0, "num_statements": 4, "percent_covered": 0.0, "percent_covered_display": "0", "missing_lines": 4, "excluded_lines": 0}, "missing_lines": [29, 30, 32, 33], "excluded_lines": []}, "check_ports_available": {"executed_lines": [], "summary": {"covered_lines": 0, "num_statements": 23, "percent_covered": 0.0, "percent_covered_display": "0", "missing_lines": 23, "excluded_lines": 0}, "missing_lines": [49, 50, 53, 55, 56, 57, 58, 59, 61, 62, 63, 66, 68, 69, 70, 71, 72, 73, 74, 75, 77, 78, 79], "excluded_lines": []}, "": {"executed_lines": [1, 2, 3, 4, 7, 8, 11, 18, 36], "summary": {"covered_lines": 9, "num_statements": 9, "percent_covered": 100.0, "percent_covered_display": "100", "missing_lines": 0, "excluded_lines": 0}, "missing_lines": [], "excluded_lines": []}}, "classes": {"": {"executed_lines": [1, 2, 3, 4, 7, 8, 11, 18, 36], "summary": {"covered_lines": 9, "num_statements": 36, "percent_covered": 25.0, "percent_covered_display": "25", "missing_lines": 27, "excluded_lines": 0}, "missing_lines": [29, 30, 32, 33, 49, 50, 53, 55, 56, 57, 58, 59, 61, 62, 63, 66, 68, 69, 70, 71, 72, 73, 74, 75, 77, 78, 79], "excluded_lines": []}}}, "skills/__init__.py": {"executed_lines": [0], "summary": {"covered_lines": 0, "num_statements": 0, "percent_covered": 100.0, "percent_covered_display": "100", "missing_lines": 0, "excluded_lines": 0}, "missing_lines": [], "excluded_lines": [], "functions": {"": {"executed_lines": [], "summary": {"covered_lines": 0, "num_statements": 0, "percent_covered": 100.0, "percent_covered_display": "100", "missing_lines": 0, "excluded_lines": 0}, "missing_lines": [], "excluded_lines": []}}, "classes": {"": {"executed_lines": [], "summary": {"covered_lines": 0, "num_statements": 0, "percent_covered": 100.0, "percent_covered_display": "100", "missing_lines": 0, "excluded_lines": 0}, "missing_lines": [], "excluded_lines": []}}}, "skills/llm_client.py": {"executed_lines": [], "summary": {"covered_lines": 0, "num_statements": 1, "percent_covered": 0.0, "percent_covered_display": "0", "missing_lines": 1, "excluded_lines": 0}, "missing_lines": [3], "excluded_lines": [], "functions": {"": {"executed_lines": [], "summary": {"covered_lines": 0, "num_statements": 1, "percent_covered": 0.0, "percent_covered_display": "0", "missing_lines": 1, "excluded_lines": 0}, "missing_lines": [3], "excluded_lines": []}}, "classes": {"": {"executed_lines": [], "summary": {"covered_lines": 0, "num_statements": 1, "percent_covered": 0.0, "percent_covered_display": "0", "missing_lines": 1, "excluded_lines": 0}, "missing_lines": [3], "excluded_lines": []}}}, "skills/search.py": {"executed_lines": [1, 3, 5, 8, 35], "summary": {"covered_lines": 4, "num_statements": 19, "percent_covered": 21.05263157894737, "percent_covered_display": "21", "missing_lines": 15, "excluded_lines": 0}, "missing_lines": [16, 17, 19, 20, 21, 22, 23, 24, 26, 31, 32, 51, 52, 53, 54], "excluded_lines": [], "functions": {"search_placeholder": {"executed_lines": [], "summary": {"covered_lines": 0, "num_statements": 6, "percent_covered": 0.0, "percent_covered_display": "0", "missing_lines": 6, "excluded_lines": 0}, "missing_lines": [16, 17, 19, 26, 31, 32], "excluded_lines": []}, "search_placeholder.cosine": {"executed_lines": [], "summary": {"covered_lines": 0, "num_statements": 5, "percent_covered": 0.0, "percent_covered_display": "0", "missing_lines": 5, "excluded_lines": 0}, "missing_lines": [20, 21, 22, 23, 24], "excluded_lines": []}, "search_web": {"executed_lines": [], "summary": {"covered_lines": 0, "num_statements": 4, "percent_covered": 0.0, "percent_covered_display": "0", "missing_lines": 4, "excluded_lines": 0}, "missing_lines": [51, 52, 53, 54], "excluded_lines": []}, "": {"executed_lines": [1, 3, 5, 8, 35], "summary": {"covered_lines": 4, "num_statements": 4, "percent_covered": 100.0, "percent_covered_display": "100", "missing_lines": 0, "excluded_lines": 0}, "missing_lines": [], "excluded_lines": []}}, "classes": {"": {"executed_lines": [1, 3, 5, 8, 35], "summary": {"covered_lines": 4, "num_statements": 19, "percent_covered": 21.05263157894737, "percent_covered_display": "21", "missing_lines": 15, "excluded_lines": 0}, "missing_lines": [16, 17, 19, 20, 21, 22, 23, 24, 26, 31, 32, 51, 52, 53, 54], "excluded_lines": []}}}, "skills/summarize.py": {"executed_lines": [1, 3, 5, 8, 39], "summary": {"covered_lines": 4, "num_statements": 17, "percent_covered": 23.529411764705884, "percent_covered_display": "24", "missing_lines": 13, "excluded_lines": 0}, "missing_lines": [17, 18, 19, 23, 27, 28, 34, 35, 36, 52, 53, 55, 56], "excluded_lines": [], "functions": {"summarize_placeholder": {"executed_lines": [], "summary": {"covered_lines": 0, "num_statements": 9, "percent_covered": 0.0, "percent_covered_display": "0", "missing_lines": 9, "excluded_lines": 0}, "missing_lines": [17, 18, 19, 23, 27, 28, 34, 35, 36], "excluded_lines": []}, "summarize_texts": {"executed_lines": [], "summary": {"covered_lines": 0, "num_statements": 4, "percent_covered": 0.0, "percent_covered_display": "0", "missing_lines": 4, "excluded_lines": 0}, "missing_lines": [52, 53, 55, 56], "excluded_lines": []}, "": {"executed_lines": [1, 3, 5, 8, 39], "summary": {"covered_lines": 4, "num_statements": 4, "percent_covered": 100.0, "percent_covered_display": "100", "missing_lines": 0, "excluded_lines": 0}, "missing_lines": [], "excluded_lines": []}}, "classes": {"": {"executed_lines": [1, 3, 5, 8, 39], "summary": {"covered_lines": 4, "num_statements": 17, "percent_covered": 23.529411764705884, "percent_covered_display": "24", "missing_lines": 13, "excluded_lines": 0}, "missing_lines": [17, 18, 19, 23, 27, 28, 34, 35, 36, 52, 53, 55, 56], "excluded_lines": []}}}}, "totals": {"covered_lines": 433, "num_statements": 3951, "percent_covered": 10.959250822576562, "percent_covered_display": "11", "missing_lines": 3518, "excluded_lines": 49}}
